----------------------------------------
Timestamp: 10/2/2017 2:27:18 PM

Message: HandlingInstanceID: 8d3b1efc-b90a-49ca-b36f-da0efb596695
An exception of type 'System.MissingMethodException' occurred and was caught.
-----------------------------------------------------------------------------
10/02/2017 10:27:18
Type : System.MissingMethodException, mscorlib, Version=4.0.0.0, Culture=neutral, PublicKeyToken=b77a5c561934e089
Message : Method not found: 'System.Web.Mvc.MvcHtmlString Telerik.Sitefinity.Frontend.Mvc.Helpers.ResourceHelper.Script(System.Web.Mvc.HtmlHelper, System.String, System.String, Boolean)'.
Source : SitefinityWebApp.ResourcePackages.HappyCodingThis
Help link : 
Data : System.Collections.ListDictionaryInternal
TargetSite : Void Execute()
HResult : -2146233069
Stack Trace :    at SitefinityWebApp.ResourcePackages.HappyCodingThis.MVC.Views.Navigation.NavigationView_Simple.Execute()
   at System.Web.WebPages.WebPageBase.ExecutePageHierarchy()
   at System.Web.Mvc.WebViewPage.ExecutePageHierarchy()
   at System.Web.WebPages.WebPageBase.ExecutePageHierarchy(WebPageContext pageContext, TextWriter writer, WebPageRenderingBase startPage)
   at System.Web.Mvc.ViewResultBase.ExecuteResult(ControllerContext context)
   at System.Web.Mvc.ControllerActionInvoker.InvokeActionResultFilterRecursive(IList`1 filters, Int32 filterIndex, ResultExecutingContext preContext, ControllerContext controllerContext, ActionResult actionResult)
   at System.Web.Mvc.ControllerActionInvoker.InvokeActionResultFilterRecursive(IList`1 filters, Int32 filterIndex, ResultExecutingContext preContext, ControllerContext controllerContext, ActionResult actionResult)
   at System.Web.Mvc.ControllerActionInvoker.InvokeActionResultFilterRecursive(IList`1 filters, Int32 filterIndex, ResultExecutingContext preContext, ControllerContext controllerContext, ActionResult actionResult)
   at System.Web.Mvc.ControllerActionInvoker.InvokeActionResultFilterRecursive(IList`1 filters, Int32 filterIndex, ResultExecutingContext preContext, ControllerContext controllerContext, ActionResult actionResult)
   at System.Web.Mvc.ControllerActionInvoker.InvokeActionResultFilterRecursive(IList`1 filters, Int32 filterIndex, ResultExecutingContext preContext, ControllerContext controllerContext, ActionResult actionResult)
   at System.Web.Mvc.ControllerActionInvoker.InvokeActionResultFilterRecursive(IList`1 filters, Int32 filterIndex, ResultExecutingContext preContext, ControllerContext controllerContext, ActionResult actionResult)
   at System.Web.Mvc.ControllerActionInvoker.InvokeActionResultFilterRecursive(IList`1 filters, Int32 filterIndex, ResultExecutingContext preContext, ControllerContext controllerContext, ActionResult actionResult)
   at System.Web.Mvc.ControllerActionInvoker.InvokeActionResultFilterRecursive(IList`1 filters, Int32 filterIndex, ResultExecutingContext preContext, ControllerContext controllerContext, ActionResult actionResult)
   at System.Web.Mvc.ControllerActionInvoker.InvokeActionResultWithFilters(ControllerContext controllerContext, IList`1 filters, ActionResult actionResult)
   at System.Web.Mvc.ControllerActionInvoker.InvokeAction(ControllerContext controllerContext, String actionName)
   at Telerik.Sitefinity.Mvc.ControllerWrapper.Execute()
   at Telerik.Sitefinity.Mvc.ControllerActionInvoker.ExecuteController(MvcProxyBase proxyControl)
   at Telerik.Sitefinity.Frontend.Mvc.Infrastructure.Routing.FeatherActionInvoker.ExecuteController(MvcProxyBase proxyControl)

Additional Info:

MachineName : NBWFHJREAD
TimeStamp : 10/2/2017 2:27:18 PM
FullName : Telerik.Sitefinity.Utilities, Version=10.1.6524.0, Culture=neutral, PublicKeyToken=b28c218413bdf563
AppDomainName : /LM/W3SVC/2/ROOT-6-131514280230435516
ThreadIdentity : Anonymous
WindowsIdentity : IIS APPPOOL\HappyCodingThis
Requested URL : http://hct.local/


Category: ErrorLog

Priority: 0

EventId: 9010

Severity: Warning

Title:Enterprise Library Exception Handling

Machine: NBWFHJREAD

App Domain: /LM/W3SVC/2/ROOT-6-131514280230435516

ProcessId: 12176

Process Name: c:\windows\system32\inetsrv\w3wp.exe

Thread Name: 

Win32 ThreadId:9864

Extended Properties: 
----------------------------------------
----------------------------------------
Timestamp: 10/2/2017 2:51:21 PM

Message: HandlingInstanceID: 021a72f8-047d-4485-b15b-c19ad73a72e0
An exception of type 'System.MissingMethodException' occurred and was caught.
-----------------------------------------------------------------------------
10/02/2017 10:51:21
Type : System.MissingMethodException, mscorlib, Version=4.0.0.0, Culture=neutral, PublicKeyToken=b77a5c561934e089
Message : Method not found: 'System.Web.Mvc.MvcHtmlString Telerik.Sitefinity.Frontend.Mvc.Helpers.ResourceHelper.Script(System.Web.Mvc.HtmlHelper, System.String, System.String, Boolean)'.
Source : SitefinityWebApp.ResourcePackages.HappyCodingThis
Help link : 
Data : System.Collections.ListDictionaryInternal
TargetSite : Void Execute()
HResult : -2146233069
Stack Trace :    at SitefinityWebApp.ResourcePackages.HappyCodingThis.MVC.Views.Navigation.NavigationView_Simple.Execute()
   at System.Web.WebPages.WebPageBase.ExecutePageHierarchy()
   at System.Web.Mvc.WebViewPage.ExecutePageHierarchy()
   at System.Web.WebPages.WebPageBase.ExecutePageHierarchy(WebPageContext pageContext, TextWriter writer, WebPageRenderingBase startPage)
   at System.Web.Mvc.ViewResultBase.ExecuteResult(ControllerContext context)
   at System.Web.Mvc.ControllerActionInvoker.InvokeActionResultFilterRecursive(IList`1 filters, Int32 filterIndex, ResultExecutingContext preContext, ControllerContext controllerContext, ActionResult actionResult)
   at System.Web.Mvc.ControllerActionInvoker.InvokeActionResultFilterRecursive(IList`1 filters, Int32 filterIndex, ResultExecutingContext preContext, ControllerContext controllerContext, ActionResult actionResult)
   at System.Web.Mvc.ControllerActionInvoker.InvokeActionResultFilterRecursive(IList`1 filters, Int32 filterIndex, ResultExecutingContext preContext, ControllerContext controllerContext, ActionResult actionResult)
   at System.Web.Mvc.ControllerActionInvoker.InvokeActionResultFilterRecursive(IList`1 filters, Int32 filterIndex, ResultExecutingContext preContext, ControllerContext controllerContext, ActionResult actionResult)
   at System.Web.Mvc.ControllerActionInvoker.InvokeActionResultFilterRecursive(IList`1 filters, Int32 filterIndex, ResultExecutingContext preContext, ControllerContext controllerContext, ActionResult actionResult)
   at System.Web.Mvc.ControllerActionInvoker.InvokeActionResultFilterRecursive(IList`1 filters, Int32 filterIndex, ResultExecutingContext preContext, ControllerContext controllerContext, ActionResult actionResult)
   at System.Web.Mvc.ControllerActionInvoker.InvokeActionResultFilterRecursive(IList`1 filters, Int32 filterIndex, ResultExecutingContext preContext, ControllerContext controllerContext, ActionResult actionResult)
   at System.Web.Mvc.ControllerActionInvoker.InvokeActionResultFilterRecursive(IList`1 filters, Int32 filterIndex, ResultExecutingContext preContext, ControllerContext controllerContext, ActionResult actionResult)
   at System.Web.Mvc.ControllerActionInvoker.InvokeActionResultWithFilters(ControllerContext controllerContext, IList`1 filters, ActionResult actionResult)
   at System.Web.Mvc.ControllerActionInvoker.InvokeAction(ControllerContext controllerContext, String actionName)
   at Telerik.Sitefinity.Mvc.ControllerWrapper.Execute()
   at Telerik.Sitefinity.Mvc.ControllerActionInvoker.ExecuteController(MvcProxyBase proxyControl)
   at Telerik.Sitefinity.Frontend.Mvc.Infrastructure.Routing.FeatherActionInvoker.ExecuteController(MvcProxyBase proxyControl)

Additional Info:

MachineName : NBWFHJREAD
TimeStamp : 10/2/2017 2:51:21 PM
FullName : Telerik.Sitefinity.Utilities, Version=10.1.6524.0, Culture=neutral, PublicKeyToken=b28c218413bdf563
AppDomainName : /LM/W3SVC/2/ROOT-1-131514294563930071
ThreadIdentity : Anonymous
WindowsIdentity : IIS APPPOOL\HappyCodingThis
Requested URL : http://hct.local/


Category: ErrorLog

Priority: 0

EventId: 9010

Severity: Warning

Title:Enterprise Library Exception Handling

Machine: NBWFHJREAD

App Domain: /LM/W3SVC/2/ROOT-1-131514294563930071

ProcessId: 14804

Process Name: c:\windows\system32\inetsrv\w3wp.exe

Thread Name: 

Win32 ThreadId:13260

Extended Properties: 
----------------------------------------
----------------------------------------
Timestamp: 10/2/2017 2:53:59 PM

Message: HandlingInstanceID: b5fd2c42-c9a0-4e78-bd98-38f8a0452d4d
An exception of type 'System.MissingMethodException' occurred and was caught.
-----------------------------------------------------------------------------
10/02/2017 10:53:59
Type : System.MissingMethodException, mscorlib, Version=4.0.0.0, Culture=neutral, PublicKeyToken=b77a5c561934e089
Message : Method not found: 'System.Web.Mvc.MvcHtmlString Telerik.Sitefinity.Frontend.Mvc.Helpers.ResourceHelper.Script(System.Web.Mvc.HtmlHelper, System.String, System.String, Boolean)'.
Source : SitefinityWebApp.ResourcePackages.HappyCodingThis
Help link : 
Data : System.Collections.ListDictionaryInternal
TargetSite : Void Execute()
HResult : -2146233069
Stack Trace :    at SitefinityWebApp.ResourcePackages.HappyCodingThis.MVC.Views.Navigation.NavigationView_Simple.Execute()
   at System.Web.WebPages.WebPageBase.ExecutePageHierarchy()
   at System.Web.Mvc.WebViewPage.ExecutePageHierarchy()
   at System.Web.WebPages.WebPageBase.ExecutePageHierarchy(WebPageContext pageContext, TextWriter writer, WebPageRenderingBase startPage)
   at System.Web.Mvc.ViewResultBase.ExecuteResult(ControllerContext context)
   at System.Web.Mvc.ControllerActionInvoker.InvokeActionResultFilterRecursive(IList`1 filters, Int32 filterIndex, ResultExecutingContext preContext, ControllerContext controllerContext, ActionResult actionResult)
   at System.Web.Mvc.ControllerActionInvoker.InvokeActionResultFilterRecursive(IList`1 filters, Int32 filterIndex, ResultExecutingContext preContext, ControllerContext controllerContext, ActionResult actionResult)
   at System.Web.Mvc.ControllerActionInvoker.InvokeActionResultFilterRecursive(IList`1 filters, Int32 filterIndex, ResultExecutingContext preContext, ControllerContext controllerContext, ActionResult actionResult)
   at System.Web.Mvc.ControllerActionInvoker.InvokeActionResultFilterRecursive(IList`1 filters, Int32 filterIndex, ResultExecutingContext preContext, ControllerContext controllerContext, ActionResult actionResult)
   at System.Web.Mvc.ControllerActionInvoker.InvokeActionResultFilterRecursive(IList`1 filters, Int32 filterIndex, ResultExecutingContext preContext, ControllerContext controllerContext, ActionResult actionResult)
   at System.Web.Mvc.ControllerActionInvoker.InvokeActionResultFilterRecursive(IList`1 filters, Int32 filterIndex, ResultExecutingContext preContext, ControllerContext controllerContext, ActionResult actionResult)
   at System.Web.Mvc.ControllerActionInvoker.InvokeActionResultFilterRecursive(IList`1 filters, Int32 filterIndex, ResultExecutingContext preContext, ControllerContext controllerContext, ActionResult actionResult)
   at System.Web.Mvc.ControllerActionInvoker.InvokeActionResultFilterRecursive(IList`1 filters, Int32 filterIndex, ResultExecutingContext preContext, ControllerContext controllerContext, ActionResult actionResult)
   at System.Web.Mvc.ControllerActionInvoker.InvokeActionResultWithFilters(ControllerContext controllerContext, IList`1 filters, ActionResult actionResult)
   at System.Web.Mvc.ControllerActionInvoker.InvokeAction(ControllerContext controllerContext, String actionName)
   at Telerik.Sitefinity.Mvc.ControllerWrapper.Execute()
   at Telerik.Sitefinity.Mvc.ControllerActionInvoker.ExecuteController(MvcProxyBase proxyControl)
   at Telerik.Sitefinity.Frontend.Mvc.Infrastructure.Routing.FeatherActionInvoker.ExecuteController(MvcProxyBase proxyControl)

Additional Info:

MachineName : NBWFHJREAD
TimeStamp : 10/2/2017 2:53:59 PM
FullName : Telerik.Sitefinity.Utilities, Version=10.1.6524.0, Culture=neutral, PublicKeyToken=b28c218413bdf563
AppDomainName : /LM/W3SVC/2/ROOT-2-131514296055715442
ThreadIdentity : Anonymous
WindowsIdentity : IIS APPPOOL\HappyCodingThis
Requested URL : http://hct.local/


Category: ErrorLog

Priority: 0

EventId: 9010

Severity: Warning

Title:Enterprise Library Exception Handling

Machine: NBWFHJREAD

App Domain: /LM/W3SVC/2/ROOT-2-131514296055715442

ProcessId: 14804

Process Name: c:\windows\system32\inetsrv\w3wp.exe

Thread Name: 

Win32 ThreadId:14480

Extended Properties: 
----------------------------------------
----------------------------------------
Timestamp: 10/2/2017 3:00:26 PM

Message: HandlingInstanceID: 6fcfdb78-f8f6-484d-9cc8-47f9bb194098
An exception of type 'System.Threading.ThreadAbortException' occurred and was caught.
-------------------------------------------------------------------------------------
10/02/2017 11:00:26
Type : System.Threading.ThreadAbortException, mscorlib, Version=4.0.0.0, Culture=neutral, PublicKeyToken=b77a5c561934e089
Message : Thread was being aborted.
Source : System.Core
Help link : 
ExceptionState : 
Data : System.Collections.ListDictionaryInternal
TargetSite : Boolean Any[TSource](System.Collections.Generic.IEnumerable`1[TSource], System.Func`2[TSource,System.Boolean])
HResult : -2146233040
Stack Trace :    at System.Linq.Enumerable.Any[TSource](IEnumerable`1 source, Func`2 predicate)
   at Telerik.Sitefinity.Mvc.MvcCore.EnableMvcSupport()
   at Telerik.Sitefinity.Services.SystemManager.Initialize()

Additional Info:

MachineName : NBWFHJREAD
TimeStamp : 10/2/2017 3:00:26 PM
FullName : Telerik.Sitefinity.Utilities, Version=10.1.6524.0, Culture=neutral, PublicKeyToken=b28c218413bdf563
AppDomainName : /LM/W3SVC/2/ROOT-3-131514300101110044
ThreadIdentity : 
WindowsIdentity : IIS APPPOOL\HappyCodingThis
Requested URL : http://127.0.0.1/


Category: ErrorLog

Priority: 0

EventId: 9010

Severity: Warning

Title:Enterprise Library Exception Handling

Machine: NBWFHJREAD

App Domain: /LM/W3SVC/2/ROOT-3-131514300101110044

ProcessId: 14804

Process Name: c:\windows\system32\inetsrv\w3wp.exe

Thread Name: 

Win32 ThreadId:16244

Extended Properties: 
----------------------------------------
----------------------------------------
Timestamp: 10/2/2017 3:00:26 PM

Message: HandlingInstanceID: ba837b11-4045-4c67-9a39-dc21db464551
An exception of type 'Telerik.Microsoft.Practices.Unity.ResolutionFailedException' occurred and was caught.
-----------------------------------------------------------------------------------------------------------
10/02/2017 11:00:26
Type : Telerik.Microsoft.Practices.Unity.ResolutionFailedException, Telerik.Sitefinity.Utilities, Version=10.1.6524.0, Culture=neutral, PublicKeyToken=b28c218413bdf563
Message : Resolution of the dependency failed, type = "Telerik.Sitefinity.Modules.GenericContent.Data.OpenAccessContentProvider", name = "(none)".
Exception occurred while: while resolving.
Exception is: ThreadAbortException - Thread was being aborted.
-----------------------------------------------
At the time of the exception, the container was:

  Resolving Telerik.Sitefinity.Modules.GenericContent.Data.OpenAccessContentProvider,(none)

Source : Telerik.Sitefinity.Utilities
Help link : 
TypeRequested : OpenAccessContentProvider
NameRequested : 
Data : System.Collections.ListDictionaryInternal
TargetSite : System.Object DoBuildUp(System.Type, System.Object, System.String, System.Collections.Generic.IEnumerable`1[Telerik.Microsoft.Practices.Unity.ResolverOverride])
HResult : -2146233088
Stack Trace :    at Telerik.Microsoft.Practices.Unity.UnityContainer.DoBuildUp(Type t, Object existing, String name, IEnumerable`1 resolverOverrides)
   at Telerik.Microsoft.Practices.Unity.UnityContainer.Resolve(Type t, String name, ResolverOverride[] resolverOverrides)
   at Telerik.Sitefinity.Data.ManagerBase`1.ResolveProvider(Type type)
   at Telerik.Sitefinity.Data.ManagerBase`1.InstantiateProvider(IDataProviderSettings providerSettings, Type providerType, ExceptionPolicyName policy, Type managerType)

Additional Info:

MachineName : NBWFHJREAD
TimeStamp : 10/2/2017 3:00:26 PM
FullName : Telerik.Sitefinity.Utilities, Version=10.1.6524.0, Culture=neutral, PublicKeyToken=b28c218413bdf563
AppDomainName : /LM/W3SVC/2/ROOT-3-131514300101110044
ThreadIdentity : 
WindowsIdentity : IIS APPPOOL\HappyCodingThis
	Inner Exception
	---------------
	Type : System.Threading.ThreadAbortException, mscorlib, Version=4.0.0.0, Culture=neutral, PublicKeyToken=b77a5c561934e089
	Message : Thread was being aborted.
	Source : mscorlib
	Help link : 
	ExceptionState : 
	Data : System.Collections.ListDictionaryInternal
	TargetSite : Int32 GetMemberRefOfMethodInfo(System.Reflection.RuntimeModule, Int32, System.IRuntimeMethodInfo)
	HResult : -2146233040
	Stack Trace :    at System.Reflection.Emit.ModuleBuilder.GetMemberRefOfMethodInfo(RuntimeModule module, Int32 tr, IRuntimeMethodInfo method)
	   at System.Reflection.Emit.ModuleBuilder.GetMethodTokenNoLock(MethodInfo method, Boolean getGenericTypeDefinition)
	   at System.Reflection.Emit.ModuleBuilder.GetMethodTokenInternal(MethodInfo method)
	   at System.Reflection.Emit.ModuleBuilder.GetMethodTokenInternal(MethodBase method, IEnumerable`1 optionalParameterTypes, Boolean useMethodDef)
	   at System.Reflection.Emit.ILGenerator.EmitCall(OpCode opcode, MethodInfo methodInfo, Type[] optionalParameterTypes)
	   at Telerik.Microsoft.Practices.Unity.InterceptionExtension.MethodOverride.CreateDelegateImplementation(MethodInfo callBaseMethod)
	   at Telerik.Microsoft.Practices.Unity.InterceptionExtension.InterceptingClassGenerator.AddMethods()
	   at Telerik.Microsoft.Practices.Unity.InterceptionExtension.InterceptingClassGenerator.GenerateType()
	   at Telerik.Microsoft.Practices.Unity.InterceptionExtension.VirtualMethodInterceptor.CreateProxyType(Type t, Type[] additionalInterfaces)
	   at Telerik.Microsoft.Practices.Unity.InterceptionExtension.TypeInterceptionStrategy.PreBuildUp(IBuilderContext context)
	   at Telerik.Microsoft.Practices.ObjectBuilder2.StrategyChain.ExecuteBuildUp(IBuilderContext context)
	   at Telerik.Microsoft.Practices.Unity.UnityContainer.DoBuildUp(Type t, Object existing, String name, IEnumerable`1 resolverOverrides)



Category: ErrorLog

Priority: 0

EventId: 9010

Severity: Warning

Title:Enterprise Library Exception Handling

Machine: NBWFHJREAD

App Domain: /LM/W3SVC/2/ROOT-3-131514300101110044

ProcessId: 14804

Process Name: c:\windows\system32\inetsrv\w3wp.exe

Thread Name: 

Win32 ThreadId:13068

Extended Properties: 
----------------------------------------
----------------------------------------
Timestamp: 10/2/2017 3:00:26 PM

Message: HandlingInstanceID: 27a8c0f4-5f20-4332-9fa5-f287f46c30e0
An exception of type 'System.Threading.ThreadAbortException' occurred and was caught.
-------------------------------------------------------------------------------------
10/02/2017 11:00:26
Type : System.Threading.ThreadAbortException, mscorlib, Version=4.0.0.0, Culture=neutral, PublicKeyToken=b77a5c561934e089
Message : Thread was being aborted.
Source : Telerik.Sitefinity
Help link : 
ExceptionState : 
Data : System.Collections.ListDictionaryInternal
TargetSite : TProviderBase InstantiateProvider(Telerik.Sitefinity.Configuration.IDataProviderSettings, System.Type, Telerik.Sitefinity.Abstractions.ExceptionPolicyName, System.Type)
HResult : -2146233040
Stack Trace :    at Telerik.Sitefinity.Data.ManagerBase`1.InstantiateProvider(IDataProviderSettings providerSettings, Type providerType, ExceptionPolicyName policy, Type managerType)
   at Telerik.Sitefinity.Data.ManagerBase`1.InstantiateProvider(IDataProviderSettings providerSettings, ExceptionPolicyName policy, Type managerType)
   at Telerik.Sitefinity.Data.ManagerBase`1.InstantiateProviders(IEnumerable`1 configProviders, ManagerBase`1 manager)
   at Telerik.Sitefinity.Data.ManagerBase`1.Initialize()

Additional Info:

MachineName : NBWFHJREAD
TimeStamp : 10/2/2017 3:00:26 PM
FullName : Telerik.Sitefinity.Utilities, Version=10.1.6524.0, Culture=neutral, PublicKeyToken=b28c218413bdf563
AppDomainName : /LM/W3SVC/2/ROOT-3-131514300101110044
ThreadIdentity : 
WindowsIdentity : IIS APPPOOL\HappyCodingThis


Category: ErrorLog

Priority: 0

EventId: 90030

Severity: Error

Title:Enterprise Library Exception Handling

Machine: NBWFHJREAD

App Domain: /LM/W3SVC/2/ROOT-3-131514300101110044

ProcessId: 14804

Process Name: c:\windows\system32\inetsrv\w3wp.exe

Thread Name: 

Win32 ThreadId:13068

Extended Properties: 
----------------------------------------
----------------------------------------
Timestamp: 10/2/2017 3:01:00 PM

Message: Timestamp: 10/2/2017 3:01:00 PM
Message: System.IO.FileLoadException: Could not load file or assembly 'Telerik.Sitefinity.Frontend.Media, Version=10.1.6502.0, Culture=neutral, PublicKeyToken=b28c218413bdf563' or one of its dependencies. The located assembly's manifest definition does not match the assembly reference. (Exception from HRESULT: 0x80131040)
File name: 'Telerik.Sitefinity.Frontend.Media, Version=10.1.6502.0, Culture=neutral, PublicKeyToken=b28c218413bdf563'
   at System.Reflection.RuntimeAssembly.GetExportedTypes(RuntimeAssembly assembly, ObjectHandleOnStack retTypes)
   at System.Reflection.RuntimeAssembly.GetExportedTypes()
   at Telerik.Sitefinity.Frontend.FrontendModule.GetNinjectModules(Assembly assembly)
   at Telerik.Sitefinity.Frontend.FrontendModule.InitializeDependencyResolver()
   at Telerik.Sitefinity.Frontend.FrontendModule.Load()
   at Telerik.Sitefinity.Services.SystemManager.Initialize()
   at Telerik.Sitefinity.Abstractions.Bootstrapper.RegisterRoutes()
   at Telerik.Sitefinity.Abstractions.Bootstrapper.Bootstrap()
   at Telerik.Sitefinity.Web.SitefinityHttpModule.<Init>b__2(Object ctx)
   at System.Threading.Tasks.Task.Execute()

WRN: Assembly binding logging is turned OFF.
To enable assembly bind failure logging, set the registry value [HKLM\Software\Microsoft\Fusion!EnableLog] (DWORD) to 1.
Note: There is some performance penalty associated with assembly bind failure logging.
To turn this feature off, remove the registry value [HKLM\Software\Microsoft\Fusion!EnableLog].

Category: 
Priority: -1
EventId: 0
Severity: Critical
Title:
Machine: NBWFHJREAD
App Domain: /LM/W3SVC/2/ROOT-4-131514300478411162
ProcessId: 14804
Process Name: c:\windows\system32\inetsrv\w3wp.exe
Thread Name: 
Win32 ThreadId:8816
Extended Properties: 

Category: ErrorLog

Priority: -1

EventId: 1

Severity: Information

Title:

Machine: NBWFHJREAD

App Domain: /LM/W3SVC/2/ROOT-4-131514300478411162

ProcessId: 14804

Process Name: c:\windows\system32\inetsrv\w3wp.exe

Thread Name: 

Win32 ThreadId:8816

Extended Properties: 
----------------------------------------
----------------------------------------
Timestamp: 10/2/2017 3:04:03 PM

Message: HandlingInstanceID: 7fe13b6d-deef-4b61-b6fe-611d8f3b5ec7
An exception of type 'System.MissingMethodException' occurred and was caught.
-----------------------------------------------------------------------------
10/02/2017 11:04:03
Type : System.MissingMethodException, mscorlib, Version=4.0.0.0, Culture=neutral, PublicKeyToken=b77a5c561934e089
Message : Method not found: 'System.Web.Mvc.MvcHtmlString Telerik.Sitefinity.Frontend.Mvc.Helpers.ResourceHelper.Script(System.Web.Mvc.HtmlHelper, System.String, System.String, Boolean)'.
Source : SitefinityWebApp.ResourcePackages.HappyCodingThis
Help link : 
Data : System.Collections.ListDictionaryInternal
TargetSite : Void Execute()
HResult : -2146233069
Stack Trace :    at SitefinityWebApp.ResourcePackages.HappyCodingThis.MVC.Views.Navigation.NavigationView_Simple.Execute()
   at System.Web.WebPages.WebPageBase.ExecutePageHierarchy()
   at System.Web.Mvc.WebViewPage.ExecutePageHierarchy()
   at System.Web.WebPages.WebPageBase.ExecutePageHierarchy(WebPageContext pageContext, TextWriter writer, WebPageRenderingBase startPage)
   at System.Web.Mvc.ViewResultBase.ExecuteResult(ControllerContext context)
   at System.Web.Mvc.ControllerActionInvoker.InvokeActionResultFilterRecursive(IList`1 filters, Int32 filterIndex, ResultExecutingContext preContext, ControllerContext controllerContext, ActionResult actionResult)
   at System.Web.Mvc.ControllerActionInvoker.InvokeActionResultFilterRecursive(IList`1 filters, Int32 filterIndex, ResultExecutingContext preContext, ControllerContext controllerContext, ActionResult actionResult)
   at System.Web.Mvc.ControllerActionInvoker.InvokeActionResultFilterRecursive(IList`1 filters, Int32 filterIndex, ResultExecutingContext preContext, ControllerContext controllerContext, ActionResult actionResult)
   at System.Web.Mvc.ControllerActionInvoker.InvokeActionResultFilterRecursive(IList`1 filters, Int32 filterIndex, ResultExecutingContext preContext, ControllerContext controllerContext, ActionResult actionResult)
   at System.Web.Mvc.ControllerActionInvoker.InvokeActionResultFilterRecursive(IList`1 filters, Int32 filterIndex, ResultExecutingContext preContext, ControllerContext controllerContext, ActionResult actionResult)
   at System.Web.Mvc.ControllerActionInvoker.InvokeActionResultFilterRecursive(IList`1 filters, Int32 filterIndex, ResultExecutingContext preContext, ControllerContext controllerContext, ActionResult actionResult)
   at System.Web.Mvc.ControllerActionInvoker.InvokeActionResultFilterRecursive(IList`1 filters, Int32 filterIndex, ResultExecutingContext preContext, ControllerContext controllerContext, ActionResult actionResult)
   at System.Web.Mvc.ControllerActionInvoker.InvokeActionResultFilterRecursive(IList`1 filters, Int32 filterIndex, ResultExecutingContext preContext, ControllerContext controllerContext, ActionResult actionResult)
   at System.Web.Mvc.ControllerActionInvoker.InvokeActionResultWithFilters(ControllerContext controllerContext, IList`1 filters, ActionResult actionResult)
   at System.Web.Mvc.ControllerActionInvoker.InvokeAction(ControllerContext controllerContext, String actionName)
   at Telerik.Sitefinity.Mvc.ControllerWrapper.Execute()
   at Telerik.Sitefinity.Mvc.ControllerActionInvoker.ExecuteController(MvcProxyBase proxyControl)
   at Telerik.Sitefinity.Frontend.Mvc.Infrastructure.Routing.FeatherActionInvoker.ExecuteController(MvcProxyBase proxyControl)

Additional Info:

MachineName : NBWFHJREAD
TimeStamp : 10/2/2017 3:04:03 PM
FullName : Telerik.Sitefinity.Utilities, Version=10.1.6524.0, Culture=neutral, PublicKeyToken=b28c218413bdf563
AppDomainName : /LM/W3SVC/2/ROOT-5-131514302178896976
ThreadIdentity : Anonymous
WindowsIdentity : IIS APPPOOL\HappyCodingThis
Requested URL : http://hct.local/


Category: ErrorLog

Priority: 0

EventId: 9010

Severity: Warning

Title:Enterprise Library Exception Handling

Machine: NBWFHJREAD

App Domain: /LM/W3SVC/2/ROOT-5-131514302178896976

ProcessId: 14804

Process Name: c:\windows\system32\inetsrv\w3wp.exe

Thread Name: 

Win32 ThreadId:13648

Extended Properties: 
----------------------------------------
----------------------------------------
Timestamp: 10/2/2017 3:10:36 PM

Message: HandlingInstanceID: 4ad50e6a-8f94-48c5-8707-cb624a5dea8e
An exception of type 'System.MissingMethodException' occurred and was caught.
-----------------------------------------------------------------------------
10/02/2017 11:10:36
Type : System.MissingMethodException, mscorlib, Version=4.0.0.0, Culture=neutral, PublicKeyToken=b77a5c561934e089
Message : Method not found: 'System.Web.Mvc.MvcHtmlString Telerik.Sitefinity.Frontend.Mvc.Helpers.ResourceHelper.Script(System.Web.Mvc.HtmlHelper, System.String, System.String, Boolean)'.
Source : SitefinityWebApp.ResourcePackages.HappyCodingThis
Help link : 
Data : System.Collections.ListDictionaryInternal
TargetSite : Void Execute()
HResult : -2146233069
Stack Trace :    at SitefinityWebApp.ResourcePackages.HappyCodingThis.MVC.Views.Navigation.NavigationView_Simple.Execute()
   at System.Web.WebPages.WebPageBase.ExecutePageHierarchy()
   at System.Web.Mvc.WebViewPage.ExecutePageHierarchy()
   at System.Web.WebPages.WebPageBase.ExecutePageHierarchy(WebPageContext pageContext, TextWriter writer, WebPageRenderingBase startPage)
   at System.Web.Mvc.ViewResultBase.ExecuteResult(ControllerContext context)
   at System.Web.Mvc.ControllerActionInvoker.InvokeActionResultFilterRecursive(IList`1 filters, Int32 filterIndex, ResultExecutingContext preContext, ControllerContext controllerContext, ActionResult actionResult)
   at System.Web.Mvc.ControllerActionInvoker.InvokeActionResultFilterRecursive(IList`1 filters, Int32 filterIndex, ResultExecutingContext preContext, ControllerContext controllerContext, ActionResult actionResult)
   at System.Web.Mvc.ControllerActionInvoker.InvokeActionResultFilterRecursive(IList`1 filters, Int32 filterIndex, ResultExecutingContext preContext, ControllerContext controllerContext, ActionResult actionResult)
   at System.Web.Mvc.ControllerActionInvoker.InvokeActionResultFilterRecursive(IList`1 filters, Int32 filterIndex, ResultExecutingContext preContext, ControllerContext controllerContext, ActionResult actionResult)
   at System.Web.Mvc.ControllerActionInvoker.InvokeActionResultFilterRecursive(IList`1 filters, Int32 filterIndex, ResultExecutingContext preContext, ControllerContext controllerContext, ActionResult actionResult)
   at System.Web.Mvc.ControllerActionInvoker.InvokeActionResultFilterRecursive(IList`1 filters, Int32 filterIndex, ResultExecutingContext preContext, ControllerContext controllerContext, ActionResult actionResult)
   at System.Web.Mvc.ControllerActionInvoker.InvokeActionResultFilterRecursive(IList`1 filters, Int32 filterIndex, ResultExecutingContext preContext, ControllerContext controllerContext, ActionResult actionResult)
   at System.Web.Mvc.ControllerActionInvoker.InvokeActionResultFilterRecursive(IList`1 filters, Int32 filterIndex, ResultExecutingContext preContext, ControllerContext controllerContext, ActionResult actionResult)
   at System.Web.Mvc.ControllerActionInvoker.InvokeActionResultWithFilters(ControllerContext controllerContext, IList`1 filters, ActionResult actionResult)
   at System.Web.Mvc.ControllerActionInvoker.InvokeAction(ControllerContext controllerContext, String actionName)
   at Telerik.Sitefinity.Mvc.ControllerWrapper.Execute()
   at Telerik.Sitefinity.Mvc.ControllerActionInvoker.ExecuteController(MvcProxyBase proxyControl)
   at Telerik.Sitefinity.Frontend.Mvc.Infrastructure.Routing.FeatherActionInvoker.ExecuteController(MvcProxyBase proxyControl)

Additional Info:

MachineName : NBWFHJREAD
TimeStamp : 10/2/2017 3:10:36 PM
FullName : Telerik.Sitefinity.Utilities, Version=10.1.6524.0, Culture=neutral, PublicKeyToken=b28c218413bdf563
AppDomainName : /LM/W3SVC/2/ROOT-6-131514306158970705
ThreadIdentity : Anonymous
WindowsIdentity : IIS APPPOOL\HappyCodingThis
Requested URL : http://hct.local/


Category: ErrorLog

Priority: 0

EventId: 9010

Severity: Warning

Title:Enterprise Library Exception Handling

Machine: NBWFHJREAD

App Domain: /LM/W3SVC/2/ROOT-6-131514306158970705

ProcessId: 14804

Process Name: c:\windows\system32\inetsrv\w3wp.exe

Thread Name: 

Win32 ThreadId:11924

Extended Properties: 
----------------------------------------
----------------------------------------
Timestamp: 10/2/2017 3:36:14 PM

Message: HandlingInstanceID: f2dd1b8f-d945-4235-ab0b-609dbc819055
An exception of type 'System.MissingMethodException' occurred and was caught.
-----------------------------------------------------------------------------
10/02/2017 11:36:14
Type : System.MissingMethodException, mscorlib, Version=4.0.0.0, Culture=neutral, PublicKeyToken=b77a5c561934e089
Message : Method not found: 'System.Web.Mvc.MvcHtmlString Telerik.Sitefinity.Frontend.Mvc.Helpers.ResourceHelper.Script(System.Web.Mvc.HtmlHelper, System.String, System.String, Boolean)'.
Source : SitefinityWebApp.ResourcePackages.HappyCodingThis
Help link : 
Data : System.Collections.ListDictionaryInternal
TargetSite : Void Execute()
HResult : -2146233069
Stack Trace :    at SitefinityWebApp.ResourcePackages.HappyCodingThis.MVC.Views.Navigation.NavigationView_Horizontal.Execute()
   at System.Web.WebPages.WebPageBase.ExecutePageHierarchy()
   at System.Web.Mvc.WebViewPage.ExecutePageHierarchy()
   at System.Web.WebPages.WebPageBase.ExecutePageHierarchy(WebPageContext pageContext, TextWriter writer, WebPageRenderingBase startPage)
   at System.Web.Mvc.ViewResultBase.ExecuteResult(ControllerContext context)
   at System.Web.Mvc.ControllerActionInvoker.InvokeActionResultFilterRecursive(IList`1 filters, Int32 filterIndex, ResultExecutingContext preContext, ControllerContext controllerContext, ActionResult actionResult)
   at System.Web.Mvc.ControllerActionInvoker.InvokeActionResultFilterRecursive(IList`1 filters, Int32 filterIndex, ResultExecutingContext preContext, ControllerContext controllerContext, ActionResult actionResult)
   at System.Web.Mvc.ControllerActionInvoker.InvokeActionResultFilterRecursive(IList`1 filters, Int32 filterIndex, ResultExecutingContext preContext, ControllerContext controllerContext, ActionResult actionResult)
   at System.Web.Mvc.ControllerActionInvoker.InvokeActionResultFilterRecursive(IList`1 filters, Int32 filterIndex, ResultExecutingContext preContext, ControllerContext controllerContext, ActionResult actionResult)
   at System.Web.Mvc.ControllerActionInvoker.InvokeActionResultFilterRecursive(IList`1 filters, Int32 filterIndex, ResultExecutingContext preContext, ControllerContext controllerContext, ActionResult actionResult)
   at System.Web.Mvc.ControllerActionInvoker.InvokeActionResultFilterRecursive(IList`1 filters, Int32 filterIndex, ResultExecutingContext preContext, ControllerContext controllerContext, ActionResult actionResult)
   at System.Web.Mvc.ControllerActionInvoker.InvokeActionResultFilterRecursive(IList`1 filters, Int32 filterIndex, ResultExecutingContext preContext, ControllerContext controllerContext, ActionResult actionResult)
   at System.Web.Mvc.ControllerActionInvoker.InvokeActionResultFilterRecursive(IList`1 filters, Int32 filterIndex, ResultExecutingContext preContext, ControllerContext controllerContext, ActionResult actionResult)
   at System.Web.Mvc.ControllerActionInvoker.InvokeActionResultWithFilters(ControllerContext controllerContext, IList`1 filters, ActionResult actionResult)
   at System.Web.Mvc.ControllerActionInvoker.InvokeAction(ControllerContext controllerContext, String actionName)
   at Telerik.Sitefinity.Mvc.ControllerWrapper.Execute()
   at Telerik.Sitefinity.Mvc.ControllerActionInvoker.ExecuteController(MvcProxyBase proxyControl)
   at Telerik.Sitefinity.Frontend.Mvc.Infrastructure.Routing.FeatherActionInvoker.ExecuteController(MvcProxyBase proxyControl)

Additional Info:

MachineName : NBWFHJREAD
TimeStamp : 10/2/2017 3:36:14 PM
FullName : Telerik.Sitefinity.Utilities, Version=10.1.6524.0, Culture=neutral, PublicKeyToken=b28c218413bdf563
AppDomainName : /LM/W3SVC/2/ROOT-1-131514321332746657
ThreadIdentity : jread@progress.com
WindowsIdentity : IIS APPPOOL\HappyCodingThis
Requested URL : http://hct.local/home/Action/Edit


Category: ErrorLog

Priority: 0

EventId: 9010

Severity: Warning

Title:Enterprise Library Exception Handling

Machine: NBWFHJREAD

App Domain: /LM/W3SVC/2/ROOT-1-131514321332746657

ProcessId: 17192

Process Name: c:\windows\system32\inetsrv\w3wp.exe

Thread Name: 

Win32 ThreadId:13912

Extended Properties: 
----------------------------------------
----------------------------------------
Timestamp: 10/2/2017 7:17:52 PM

Message: HandlingInstanceID: 6fa1f09c-5209-4f26-9b46-3b75d18a5384
An exception of type 'System.Web.HttpException' occurred and was caught.
------------------------------------------------------------------------
10/02/2017 15:17:52
Type : System.Web.HttpException, System.Web, Version=4.0.0.0, Culture=neutral, PublicKeyToken=b03f5f7f11d50a3a
Message : Server cannot append header after HTTP headers have been sent.
Source : System.Web
Help link : 
WebEventCode : 0
ErrorCode : -2147467259
Data : System.Collections.ListDictionaryInternal
TargetSite : Void SetHeader(System.String, System.String, Boolean)
HResult : -2147467259
Stack Trace :    at System.Web.HttpHeaderCollection.SetHeader(String name, String value, Boolean replace)
   at Microsoft.Owin.Host.SystemWeb.CallHeaders.AspNetResponseHeaders.Set(String key, String[] values)
   at Microsoft.Owin.Infrastructure.ChunkingCookieManager.AppendResponseCookie(IOwinContext context, String key, String value, CookieOptions options)
   at Telerik.Sitefinity.Authentication.Owin.SitefinityAuthentication.SitefinityCookieAuthenticationHandler.SetAuthCookie(AuthenticationTicket ticket, Boolean isPersistent, Nullable`1 expiresUtc)
   at Telerik.Sitefinity.Authentication.Owin.SitefinityAuthentication.SitefinityCookieAuthenticationHandler.<Renew>d__2e.MoveNext()
--- End of stack trace from previous location where exception was thrown ---
   at System.Runtime.ExceptionServices.ExceptionDispatchInfo.Throw()
   at System.Runtime.CompilerServices.TaskAwaiter.HandleNonSuccessAndDebuggerNotification(Task task)
   at Telerik.Sitefinity.Authentication.Owin.SitefinityAuthentication.SitefinityCookieAuthenticationHandler.<ApplyResponseGrantAsync>d__7.MoveNext()
--- End of stack trace from previous location where exception was thrown ---
   at System.Runtime.ExceptionServices.ExceptionDispatchInfo.Throw()
   at System.Runtime.CompilerServices.TaskAwaiter.HandleNonSuccessAndDebuggerNotification(Task task)
   at Microsoft.Owin.Security.Infrastructure.AuthenticationHandler.<ApplyResponseCoreAsync>d__b.MoveNext()
--- End of stack trace from previous location where exception was thrown ---
   at System.Runtime.ExceptionServices.ExceptionDispatchInfo.Throw()
   at System.Runtime.CompilerServices.TaskAwaiter.HandleNonSuccessAndDebuggerNotification(Task task)
   at Microsoft.Owin.Security.Infrastructure.AuthenticationHandler.<ApplyResponseAsync>d__8.MoveNext()
--- End of stack trace from previous location where exception was thrown ---
   at System.Runtime.ExceptionServices.ExceptionDispatchInfo.Throw()
   at System.Runtime.CompilerServices.TaskAwaiter.HandleNonSuccessAndDebuggerNotification(Task task)
   at Microsoft.Owin.Security.Infrastructure.AuthenticationHandler.<TeardownAsync>d__5.MoveNext()
--- End of stack trace from previous location where exception was thrown ---
   at System.Runtime.ExceptionServices.ExceptionDispatchInfo.Throw()
   at System.Runtime.CompilerServices.TaskAwaiter.HandleNonSuccessAndDebuggerNotification(Task task)
   at Microsoft.Owin.Security.Infrastructure.AuthenticationMiddleware`1.<Invoke>d__0.MoveNext()
--- End of stack trace from previous location where exception was thrown ---
   at System.Runtime.ExceptionServices.ExceptionDispatchInfo.Throw()
   at System.Runtime.CompilerServices.TaskAwaiter.HandleNonSuccessAndDebuggerNotification(Task task)
   at Telerik.Sitefinity.Authentication.Owin.Cookies.CookieSaverMiddleware.<Invoke>d__0.MoveNext()
--- End of stack trace from previous location where exception was thrown ---
   at System.Runtime.ExceptionServices.ExceptionDispatchInfo.Throw()
   at System.Runtime.CompilerServices.TaskAwaiter.HandleNonSuccessAndDebuggerNotification(Task task)
   at Microsoft.Owin.Mapping.MapWhenMiddleware.<Invoke>d__0.MoveNext()
--- End of stack trace from previous location where exception was thrown ---
   at System.Runtime.ExceptionServices.ExceptionDispatchInfo.Throw()
   at System.Runtime.CompilerServices.TaskAwaiter.HandleNonSuccessAndDebuggerNotification(Task task)
   at Microsoft.Owin.Mapping.MapMiddleware.<Invoke>d__0.MoveNext()
--- End of stack trace from previous location where exception was thrown ---
   at System.Runtime.ExceptionServices.ExceptionDispatchInfo.Throw()
   at System.Runtime.CompilerServices.TaskAwaiter.HandleNonSuccessAndDebuggerNotification(Task task)
   at Microsoft.Owin.Mapping.MapMiddleware.<Invoke>d__0.MoveNext()
--- End of stack trace from previous location where exception was thrown ---
   at System.Runtime.ExceptionServices.ExceptionDispatchInfo.Throw()
   at System.Runtime.CompilerServices.TaskAwaiter.HandleNonSuccessAndDebuggerNotification(Task task)
   at Microsoft.Owin.Mapping.MapMiddleware.<Invoke>d__0.MoveNext()
--- End of stack trace from previous location where exception was thrown ---
   at System.Runtime.ExceptionServices.ExceptionDispatchInfo.Throw()
   at System.Runtime.CompilerServices.TaskAwaiter.HandleNonSuccessAndDebuggerNotification(Task task)
   at Telerik.Sitefinity.Authentication.Owin.RelyingPartyMiddleware.<Invoke>d__0.MoveNext()
--- End of stack trace from previous location where exception was thrown ---
   at System.Runtime.ExceptionServices.ExceptionDispatchInfo.Throw()
   at System.Runtime.CompilerServices.TaskAwaiter.HandleNonSuccessAndDebuggerNotification(Task task)
   at Telerik.Sitefinity.Authentication.Owin.AnonymousUserMiddleware.<Invoke>d__0.MoveNext()
--- End of stack trace from previous location where exception was thrown ---
   at System.Runtime.ExceptionServices.ExceptionDispatchInfo.Throw()
   at System.Runtime.CompilerServices.TaskAwaiter.HandleNonSuccessAndDebuggerNotification(Task task)
   at Telerik.Sitefinity.Authentication.Owin.AccessControlMiddleware.<Invoke>d__2.MoveNext()
--- End of stack trace from previous location where exception was thrown ---
   at System.Runtime.ExceptionServices.ExceptionDispatchInfo.Throw()
   at System.Runtime.CompilerServices.TaskAwaiter.HandleNonSuccessAndDebuggerNotification(Task task)
   at Microsoft.Owin.Mapping.MapMiddleware.<Invoke>d__0.MoveNext()
--- End of stack trace from previous location where exception was thrown ---
   at System.Runtime.ExceptionServices.ExceptionDispatchInfo.Throw()
   at System.Runtime.CompilerServices.TaskAwaiter.HandleNonSuccessAndDebuggerNotification(Task task)
   at Telerik.Sitefinity.Authentication.Owin.SecurityTokenServiceMiddleware.<Invoke>d__0.MoveNext()
--- End of stack trace from previous location where exception was thrown ---
   at System.Runtime.ExceptionServices.ExceptionDispatchInfo.Throw()
   at System.Runtime.CompilerServices.TaskAwaiter.HandleNonSuccessAndDebuggerNotification(Task task)
   at Telerik.Sitefinity.Authentication.Owin.SitefinityAuthenticationMiddleware.<Invoke>d__0.MoveNext()
--- End of stack trace from previous location where exception was thrown ---
   at System.Runtime.ExceptionServices.ExceptionDispatchInfo.Throw()
   at System.Runtime.CompilerServices.TaskAwaiter.HandleNonSuccessAndDebuggerNotification(Task task)
   at Telerik.Sitefinity.Authentication.Extensions.SslOffloaderMiddleware.<Invoke>d__0.MoveNext()
--- End of stack trace from previous location where exception was thrown ---
   at System.Runtime.ExceptionServices.ExceptionDispatchInfo.Throw()
   at System.Runtime.CompilerServices.TaskAwaiter.HandleNonSuccessAndDebuggerNotification(Task task)
   at Microsoft.Owin.Host.SystemWeb.IntegratedPipeline.IntegratedPipelineContextStage.<RunApp>d__5.MoveNext()
--- End of stack trace from previous location where exception was thrown ---
   at System.Runtime.ExceptionServices.ExceptionDispatchInfo.Throw()
   at System.Runtime.CompilerServices.TaskAwaiter.HandleNonSuccessAndDebuggerNotification(Task task)
   at Microsoft.Owin.Host.SystemWeb.IntegratedPipeline.IntegratedPipelineContext.<DoFinalWork>d__2.MoveNext()
--- End of stack trace from previous location where exception was thrown ---
   at System.Runtime.ExceptionServices.ExceptionDispatchInfo.Throw()
   at Microsoft.Owin.Host.SystemWeb.IntegratedPipeline.StageAsyncResult.End(IAsyncResult ar)
   at System.Web.HttpApplication.AsyncEventExecutionStep.System.Web.HttpApplication.IExecutionStep.Execute()
   at System.Web.HttpApplication.ExecuteStep(IExecutionStep step, Boolean& completedSynchronously)

Additional Info:

MachineName : NBWFHJREAD
TimeStamp : 10/2/2017 7:17:52 PM
FullName : Telerik.Sitefinity.Utilities, Version=10.1.6524.0, Culture=neutral, PublicKeyToken=b28c218413bdf563
AppDomainName : /LM/W3SVC/2/ROOT-1-131514454578674390
ThreadIdentity : Anonymous
WindowsIdentity : IIS APPPOOL\HappyCodingThis
Requested URL : http://hct.local/appstatus?count=1


Category: ErrorLog

Priority: 0

EventId: 90000

Severity: Error

Title:Enterprise Library Exception Handling

Machine: NBWFHJREAD

App Domain: /LM/W3SVC/2/ROOT-1-131514454578674390

ProcessId: 20028

Process Name: c:\windows\system32\inetsrv\w3wp.exe

Thread Name: 

Win32 ThreadId:19712

Extended Properties: 
----------------------------------------
----------------------------------------
Timestamp: 10/2/2017 8:11:41 PM

Message: HandlingInstanceID: 79bb2bc8-49aa-40d3-8f21-e5c838860836
An exception of type 'System.ArgumentException' occurred and was caught.
------------------------------------------------------------------------
10/02/2017 16:11:41
Type : System.ArgumentException, mscorlib, Version=4.0.0.0, Culture=neutral, PublicKeyToken=b77a5c561934e089
Message : A section with name "bottom" could not be found.
Parameter name: bottom
Source : Telerik.Sitefinity.Frontend
Help link : 
ParamName : bottom
Data : System.Collections.ListDictionaryInternal
TargetSite : Boolean Register(System.String, System.String, Boolean)
HResult : -2147024809
Stack Trace :    at Telerik.Sitefinity.Frontend.Resources.ResourceRegister.Register(String resourceKey, String sectionName, Boolean throwException)
   at Telerik.Sitefinity.Frontend.Mvc.Helpers.ResourceHelper.RegisterResource(HttpContextBase httpContext, String resourcePath, ResourceType resourceType, String sectionName, Boolean throwException)
   at Telerik.Sitefinity.Frontend.Mvc.Helpers.ResourceHelper.Script(HtmlHelper helper, String scriptPath, String sectionName)
   at ASP._Page_Frontend_Assembly_Telerik_Sitefinity_Frontend_Mvc_Views_Layouts_HappyCodingThis_cshtml_HappyCodingThis_cshtml.Execute() in c:\Windows\Microsoft.NET\Framework64\v4.0.30319\Temporary ASP.NET Files\root\66b149b6\f45af680\App_Web_happycodingthis.cshtml#happycodingthis.cshtml.39f49bee.0gbq4qc5.0.cs:line 0
   at System.Web.WebPages.WebPageBase.ExecutePageHierarchy()
   at System.Web.Mvc.WebViewPage.ExecutePageHierarchy()
   at System.Web.WebPages.WebPageBase.ExecutePageHierarchy(WebPageContext pageContext, TextWriter writer, WebPageRenderingBase startPage)
   at Telerik.Sitefinity.Frontend.Mvc.Infrastructure.Compilation.CompilationPerformanceRazorView.RenderWithPerformanceMeasurement(ViewContext viewContext, TextWriter writer)
   at Telerik.Sitefinity.Frontend.Mvc.Infrastructure.Compilation.CompilationPerformanceRazorView.Render(ViewContext viewContext, TextWriter writer)
   at Telerik.Sitefinity.Frontend.Mvc.Infrastructure.Layouts.LayoutRenderer.RenderViewToString(ControllerContext context, String viewPath, Boolean placeholdersOnly)
   at Telerik.Sitefinity.Frontend.Mvc.Infrastructure.Layouts.LayoutRenderer.GetLayoutTemplate(String templateName, Boolean placeholdersOnly)
   at Telerik.Sitefinity.Frontend.Mvc.Infrastructure.Layouts.LayoutVirtualFileResolver.Open(PathDefinition definition, String virtualPath)
   at Telerik.Sitefinity.Frontend.Mvc.Infrastructure.Layouts.MvcMasterPage.LayoutOutput(String path)
   at Telerik.Sitefinity.Frontend.Mvc.Infrastructure.Layouts.MvcMasterPage.ApplyToPage(Page page)
   at Telerik.Sitefinity.Frontend.Mvc.Infrastructure.PageInitializer.PreInitHandler(Object sender, EventArgs e)
   at System.EventHandler.Invoke(Object sender, EventArgs e)
   at System.Web.UI.Page.OnPreInit(EventArgs e)
   at System.Web.UI.Page.PerformPreInit()
   at System.Web.UI.Page.ProcessRequestMain(Boolean includeStagesBeforeAsyncPoint, Boolean includeStagesAfterAsyncPoint)

Additional Info:

MachineName : NBWFHJREAD
TimeStamp : 10/2/2017 8:11:41 PM
FullName : Telerik.Sitefinity.Utilities, Version=10.1.6524.0, Culture=neutral, PublicKeyToken=b28c218413bdf563
AppDomainName : /LM/W3SVC/2/ROOT-2-131514481209709526
ThreadIdentity : jread@progress.com
WindowsIdentity : IIS APPPOOL\HappyCodingThis
Requested URL : http://hct.local/home/Action/InEdit


Category: ErrorLog

Priority: 0

EventId: 90000

Severity: Error

Title:Enterprise Library Exception Handling

Machine: NBWFHJREAD

App Domain: /LM/W3SVC/2/ROOT-2-131514481209709526

ProcessId: 20028

Process Name: c:\windows\system32\inetsrv\w3wp.exe

Thread Name: 

Win32 ThreadId:19616

Extended Properties: 
----------------------------------------
----------------------------------------
Timestamp: 10/2/2017 9:08:39 PM

Message: HandlingInstanceID: 990a6a3e-28c0-4e39-af23-177a6fbe2008
An exception of type 'System.ArgumentException' occurred and was caught.
------------------------------------------------------------------------
10/02/2017 17:08:39
Type : System.ArgumentException, mscorlib, Version=4.0.0.0, Culture=neutral, PublicKeyToken=b77a5c561934e089
Message : A section with name "bottom" could not be found.
Parameter name: bottom
Source : Telerik.Sitefinity.Frontend
Help link : 
ParamName : bottom
Data : System.Collections.ListDictionaryInternal
TargetSite : Boolean Register(System.String, System.String, Boolean)
HResult : -2147024809
Stack Trace :    at Telerik.Sitefinity.Frontend.Resources.ResourceRegister.Register(String resourceKey, String sectionName, Boolean throwException)
   at Telerik.Sitefinity.Frontend.Mvc.Helpers.ResourceHelper.RegisterResource(HttpContextBase httpContext, String resourcePath, ResourceType resourceType, String sectionName, Boolean throwException)
   at Telerik.Sitefinity.Frontend.Mvc.Helpers.ResourceHelper.Script(HtmlHelper helper, String scriptPath, String sectionName)
   at ASP._Page_Frontend_Assembly_Telerik_Sitefinity_Frontend_Mvc_Views_Layouts_HappyCodingThis_cshtml_HappyCodingThis_cshtml.Execute() in c:\Windows\Microsoft.NET\Framework64\v4.0.30319\Temporary ASP.NET Files\root\66b149b6\f45af680\App_Web_happycodingthis.cshtml#happycodingthis.cshtml.39f49bee.osva7u90.0.cs:line 0
   at System.Web.WebPages.WebPageBase.ExecutePageHierarchy()
   at System.Web.Mvc.WebViewPage.ExecutePageHierarchy()
   at System.Web.WebPages.WebPageBase.ExecutePageHierarchy(WebPageContext pageContext, TextWriter writer, WebPageRenderingBase startPage)
   at Telerik.Sitefinity.Frontend.Mvc.Infrastructure.Compilation.CompilationPerformanceRazorView.Render(ViewContext viewContext, TextWriter writer)
   at Telerik.Sitefinity.Frontend.Mvc.Infrastructure.Layouts.LayoutRenderer.RenderViewToString(ControllerContext context, String viewPath, Boolean placeholdersOnly)
   at Telerik.Sitefinity.Frontend.Mvc.Infrastructure.Layouts.LayoutRenderer.GetLayoutTemplate(String templateName, Boolean placeholdersOnly)
   at Telerik.Sitefinity.Frontend.Mvc.Infrastructure.Layouts.LayoutVirtualFileResolver.Open(PathDefinition definition, String virtualPath)
   at Telerik.Sitefinity.Frontend.Mvc.Infrastructure.Layouts.MvcMasterPage.LayoutOutput(String path)
   at Telerik.Sitefinity.Frontend.Mvc.Infrastructure.Layouts.MvcMasterPage.ApplyToPage(Page page)
   at Telerik.Sitefinity.Frontend.Mvc.Infrastructure.PageInitializer.PreInitHandler(Object sender, EventArgs e)
   at System.Web.UI.Page.OnPreInit(EventArgs e)
   at System.Web.UI.Page.PerformPreInit()
   at System.Web.UI.Page.ProcessRequestMain(Boolean includeStagesBeforeAsyncPoint, Boolean includeStagesAfterAsyncPoint)

Additional Info:

MachineName : NBWFHJREAD
TimeStamp : 10/2/2017 9:08:39 PM
FullName : Telerik.Sitefinity.Utilities, Version=10.1.6524.0, Culture=neutral, PublicKeyToken=b28c218413bdf563
AppDomainName : /LM/W3SVC/2/ROOT-4-131514497864188811
ThreadIdentity : Anonymous
WindowsIdentity : IIS APPPOOL\HappyCodingThis
Requested URL : http://hct.local/


Category: ErrorLog

Priority: 0

EventId: 90000

Severity: Error

Title:Enterprise Library Exception Handling

Machine: NBWFHJREAD

App Domain: /LM/W3SVC/2/ROOT-4-131514497864188811

ProcessId: 20028

Process Name: c:\windows\system32\inetsrv\w3wp.exe

Thread Name: 

Win32 ThreadId:13620

Extended Properties: 
----------------------------------------
----------------------------------------
Timestamp: 10/2/2017 9:10:29 PM

Message: HandlingInstanceID: a98cdf61-16a2-4b2c-9019-4b8ac20228d2
An exception of type 'System.ArgumentException' occurred and was caught.
------------------------------------------------------------------------
10/02/2017 17:10:29
Type : System.ArgumentException, mscorlib, Version=4.0.0.0, Culture=neutral, PublicKeyToken=b77a5c561934e089
Message : A section with name "bottom" could not be found.
Parameter name: bottom
Source : Telerik.Sitefinity.Frontend
Help link : 
ParamName : bottom
Data : System.Collections.ListDictionaryInternal
TargetSite : Boolean Register(System.String, System.String, Boolean)
HResult : -2147024809
Stack Trace :    at Telerik.Sitefinity.Frontend.Resources.ResourceRegister.Register(String resourceKey, String sectionName, Boolean throwException)
   at Telerik.Sitefinity.Frontend.Mvc.Helpers.ResourceHelper.RegisterResource(HttpContextBase httpContext, String resourcePath, ResourceType resourceType, String sectionName, Boolean throwException)
   at Telerik.Sitefinity.Frontend.Mvc.Helpers.ResourceHelper.Script(HtmlHelper helper, String scriptPath, String sectionName)
   at ASP._Page_Frontend_Assembly_Telerik_Sitefinity_Frontend_Mvc_Views_Layouts_HappyCodingThis_cshtml_HappyCodingThis_cshtml.Execute() in c:\Windows\Microsoft.NET\Framework64\v4.0.30319\Temporary ASP.NET Files\root\66b149b6\f45af680\App_Web_happycodingthis.cshtml#happycodingthis.cshtml.39f49bee.-btxdyxs.0.cs:line 0
   at System.Web.WebPages.WebPageBase.ExecutePageHierarchy()
   at System.Web.Mvc.WebViewPage.ExecutePageHierarchy()
   at System.Web.WebPages.WebPageBase.ExecutePageHierarchy(WebPageContext pageContext, TextWriter writer, WebPageRenderingBase startPage)
   at Telerik.Sitefinity.Frontend.Mvc.Infrastructure.Compilation.CompilationPerformanceRazorView.Render(ViewContext viewContext, TextWriter writer)
   at Telerik.Sitefinity.Frontend.Mvc.Infrastructure.Layouts.LayoutRenderer.RenderViewToString(ControllerContext context, String viewPath, Boolean placeholdersOnly)
   at Telerik.Sitefinity.Frontend.Mvc.Infrastructure.Layouts.LayoutRenderer.GetLayoutTemplate(String templateName, Boolean placeholdersOnly)
   at Telerik.Sitefinity.Frontend.Mvc.Infrastructure.Layouts.LayoutVirtualFileResolver.Open(PathDefinition definition, String virtualPath)
   at Telerik.Sitefinity.Frontend.Mvc.Infrastructure.Layouts.MvcMasterPage.LayoutOutput(String path)
   at Telerik.Sitefinity.Frontend.Mvc.Infrastructure.Layouts.MvcMasterPage.ApplyToPage(Page page)
   at Telerik.Sitefinity.Frontend.Mvc.Infrastructure.PageInitializer.PreInitHandler(Object sender, EventArgs e)
   at System.Web.UI.Page.OnPreInit(EventArgs e)
   at System.Web.UI.Page.PerformPreInit()
   at System.Web.UI.Page.ProcessRequestMain(Boolean includeStagesBeforeAsyncPoint, Boolean includeStagesAfterAsyncPoint)

Additional Info:

MachineName : NBWFHJREAD
TimeStamp : 10/2/2017 9:10:29 PM
FullName : Telerik.Sitefinity.Utilities, Version=10.1.6524.0, Culture=neutral, PublicKeyToken=b28c218413bdf563
AppDomainName : /LM/W3SVC/2/ROOT-4-131514497864188811
ThreadIdentity : Anonymous
WindowsIdentity : IIS APPPOOL\HappyCodingThis
Requested URL : http://hct.local/


Category: ErrorLog

Priority: 0

EventId: 90000

Severity: Error

Title:Enterprise Library Exception Handling

Machine: NBWFHJREAD

App Domain: /LM/W3SVC/2/ROOT-4-131514497864188811

ProcessId: 20028

Process Name: c:\windows\system32\inetsrv\w3wp.exe

Thread Name: 

Win32 ThreadId:3756

Extended Properties: 
----------------------------------------
----------------------------------------
Timestamp: 10/2/2017 9:10:31 PM

Message: HandlingInstanceID: a7bb50fd-aed1-4806-9102-f31a13c97f49
An exception of type 'System.ArgumentException' occurred and was caught.
------------------------------------------------------------------------
10/02/2017 17:10:31
Type : System.ArgumentException, mscorlib, Version=4.0.0.0, Culture=neutral, PublicKeyToken=b77a5c561934e089
Message : A section with name "bottom" could not be found.
Parameter name: bottom
Source : Telerik.Sitefinity.Frontend
Help link : 
ParamName : bottom
Data : System.Collections.ListDictionaryInternal
TargetSite : Boolean Register(System.String, System.String, Boolean)
HResult : -2147024809
Stack Trace :    at Telerik.Sitefinity.Frontend.Resources.ResourceRegister.Register(String resourceKey, String sectionName, Boolean throwException)
   at Telerik.Sitefinity.Frontend.Mvc.Helpers.ResourceHelper.RegisterResource(HttpContextBase httpContext, String resourcePath, ResourceType resourceType, String sectionName, Boolean throwException)
   at Telerik.Sitefinity.Frontend.Mvc.Helpers.ResourceHelper.Script(HtmlHelper helper, String scriptPath, String sectionName)
   at ASP._Page_Frontend_Assembly_Telerik_Sitefinity_Frontend_Mvc_Views_Layouts_HappyCodingThis_cshtml_HappyCodingThis_cshtml.Execute() in c:\Windows\Microsoft.NET\Framework64\v4.0.30319\Temporary ASP.NET Files\root\66b149b6\f45af680\App_Web_happycodingthis.cshtml#happycodingthis.cshtml.39f49bee.-btxdyxs.0.cs:line 0
   at System.Web.WebPages.WebPageBase.ExecutePageHierarchy()
   at System.Web.Mvc.WebViewPage.ExecutePageHierarchy()
   at System.Web.WebPages.WebPageBase.ExecutePageHierarchy(WebPageContext pageContext, TextWriter writer, WebPageRenderingBase startPage)
   at Telerik.Sitefinity.Frontend.Mvc.Infrastructure.Compilation.CompilationPerformanceRazorView.Render(ViewContext viewContext, TextWriter writer)
   at Telerik.Sitefinity.Frontend.Mvc.Infrastructure.Layouts.LayoutRenderer.RenderViewToString(ControllerContext context, String viewPath, Boolean placeholdersOnly)
   at Telerik.Sitefinity.Frontend.Mvc.Infrastructure.Layouts.LayoutRenderer.GetLayoutTemplate(String templateName, Boolean placeholdersOnly)
   at Telerik.Sitefinity.Frontend.Mvc.Infrastructure.Layouts.LayoutVirtualFileResolver.Open(PathDefinition definition, String virtualPath)
   at Telerik.Sitefinity.Frontend.Mvc.Infrastructure.Layouts.MvcMasterPage.LayoutOutput(String path)
   at Telerik.Sitefinity.Frontend.Mvc.Infrastructure.Layouts.MvcMasterPage.ApplyToPage(Page page)
   at Telerik.Sitefinity.Frontend.Mvc.Infrastructure.PageInitializer.PreInitHandler(Object sender, EventArgs e)
   at System.Web.UI.Page.OnPreInit(EventArgs e)
   at System.Web.UI.Page.PerformPreInit()
   at System.Web.UI.Page.ProcessRequestMain(Boolean includeStagesBeforeAsyncPoint, Boolean includeStagesAfterAsyncPoint)

Additional Info:

MachineName : NBWFHJREAD
TimeStamp : 10/2/2017 9:10:31 PM
FullName : Telerik.Sitefinity.Utilities, Version=10.1.6524.0, Culture=neutral, PublicKeyToken=b28c218413bdf563
AppDomainName : /LM/W3SVC/2/ROOT-4-131514497864188811
ThreadIdentity : Anonymous
WindowsIdentity : IIS APPPOOL\HappyCodingThis
Requested URL : http://hct.local/


Category: ErrorLog

Priority: 0

EventId: 90000

Severity: Error

Title:Enterprise Library Exception Handling

Machine: NBWFHJREAD

App Domain: /LM/W3SVC/2/ROOT-4-131514497864188811

ProcessId: 20028

Process Name: c:\windows\system32\inetsrv\w3wp.exe

Thread Name: 

Win32 ThreadId:22308

Extended Properties: 
----------------------------------------
----------------------------------------
Timestamp: 10/2/2017 9:10:42 PM

Message: HandlingInstanceID: 3442108b-50f7-4b04-9d16-ac49beca8f33
An exception of type 'System.ArgumentException' occurred and was caught.
------------------------------------------------------------------------
10/02/2017 17:10:42
Type : System.ArgumentException, mscorlib, Version=4.0.0.0, Culture=neutral, PublicKeyToken=b77a5c561934e089
Message : A section with name "bottom" could not be found.
Parameter name: bottom
Source : Telerik.Sitefinity.Frontend
Help link : 
ParamName : bottom
Data : System.Collections.ListDictionaryInternal
TargetSite : Boolean Register(System.String, System.String, Boolean)
HResult : -2147024809
Stack Trace :    at Telerik.Sitefinity.Frontend.Resources.ResourceRegister.Register(String resourceKey, String sectionName, Boolean throwException)
   at Telerik.Sitefinity.Frontend.Mvc.Helpers.ResourceHelper.RegisterResource(HttpContextBase httpContext, String resourcePath, ResourceType resourceType, String sectionName, Boolean throwException)
   at Telerik.Sitefinity.Frontend.Mvc.Helpers.ResourceHelper.Script(HtmlHelper helper, String scriptPath, String sectionName)
   at ASP._Page_Frontend_Assembly_Telerik_Sitefinity_Frontend_Mvc_Views_Layouts_HappyCodingThis_cshtml_HappyCodingThis_cshtml.Execute() in c:\Windows\Microsoft.NET\Framework64\v4.0.30319\Temporary ASP.NET Files\root\66b149b6\f45af680\App_Web_happycodingthis.cshtml#happycodingthis.cshtml.39f49bee.-btxdyxs.0.cs:line 0
   at System.Web.WebPages.WebPageBase.ExecutePageHierarchy()
   at System.Web.Mvc.WebViewPage.ExecutePageHierarchy()
   at System.Web.WebPages.WebPageBase.ExecutePageHierarchy(WebPageContext pageContext, TextWriter writer, WebPageRenderingBase startPage)
   at Telerik.Sitefinity.Frontend.Mvc.Infrastructure.Compilation.CompilationPerformanceRazorView.Render(ViewContext viewContext, TextWriter writer)
   at Telerik.Sitefinity.Frontend.Mvc.Infrastructure.Layouts.LayoutRenderer.RenderViewToString(ControllerContext context, String viewPath, Boolean placeholdersOnly)
   at Telerik.Sitefinity.Frontend.Mvc.Infrastructure.Layouts.LayoutRenderer.GetLayoutTemplate(String templateName, Boolean placeholdersOnly)
   at Telerik.Sitefinity.Frontend.Mvc.Infrastructure.Layouts.LayoutVirtualFileResolver.Open(PathDefinition definition, String virtualPath)
   at Telerik.Sitefinity.Frontend.Mvc.Infrastructure.Layouts.MvcMasterPage.LayoutOutput(String path)
   at Telerik.Sitefinity.Frontend.Mvc.Infrastructure.Layouts.MvcMasterPage.ApplyToPage(Page page)
   at Telerik.Sitefinity.Frontend.Mvc.Infrastructure.PageInitializer.PreInitHandler(Object sender, EventArgs e)
   at System.Web.UI.Page.OnPreInit(EventArgs e)
   at System.Web.UI.Page.PerformPreInit()
   at System.Web.UI.Page.ProcessRequestMain(Boolean includeStagesBeforeAsyncPoint, Boolean includeStagesAfterAsyncPoint)

Additional Info:

MachineName : NBWFHJREAD
TimeStamp : 10/2/2017 9:10:42 PM
FullName : Telerik.Sitefinity.Utilities, Version=10.1.6524.0, Culture=neutral, PublicKeyToken=b28c218413bdf563
AppDomainName : /LM/W3SVC/2/ROOT-4-131514497864188811
ThreadIdentity : Anonymous
WindowsIdentity : IIS APPPOOL\HappyCodingThis
Requested URL : http://hct.local/


Category: ErrorLog

Priority: 0

EventId: 90000

Severity: Error

Title:Enterprise Library Exception Handling

Machine: NBWFHJREAD

App Domain: /LM/W3SVC/2/ROOT-4-131514497864188811

ProcessId: 20028

Process Name: c:\windows\system32\inetsrv\w3wp.exe

Thread Name: 

Win32 ThreadId:9484

Extended Properties: 
----------------------------------------
----------------------------------------
Timestamp: 10/2/2017 9:25:39 PM

Message: HandlingInstanceID: 438a2d67-e89f-41ae-8ef7-6193ed16c4b4
An exception of type 'System.ArgumentException' occurred and was caught.
------------------------------------------------------------------------
10/02/2017 17:25:39
Type : System.ArgumentException, mscorlib, Version=4.0.0.0, Culture=neutral, PublicKeyToken=b77a5c561934e089
Message : A section with name "bottom" could not be found.
Parameter name: bottom
Source : Telerik.Sitefinity.Frontend
Help link : 
ParamName : bottom
Data : System.Collections.ListDictionaryInternal
TargetSite : Boolean Register(System.String, System.String, Boolean)
HResult : -2147024809
Stack Trace :    at Telerik.Sitefinity.Frontend.Resources.ResourceRegister.Register(String resourceKey, String sectionName, Boolean throwException)
   at Telerik.Sitefinity.Frontend.Mvc.Helpers.ResourceHelper.RegisterResource(HttpContextBase httpContext, String resourcePath, ResourceType resourceType, String sectionName, Boolean throwException)
   at Telerik.Sitefinity.Frontend.Mvc.Helpers.ResourceHelper.Script(HtmlHelper helper, ScriptRef scriptReference, String sectionName, Boolean throwException, Boolean tryUseScriptManager)
   at Telerik.Sitefinity.Frontend.Mvc.Helpers.ResourceHelper.Script(HtmlHelper helper, ScriptRef scriptReference, String sectionName)
   at ASP._Page_Frontend_Assembly_Telerik_Sitefinity_Frontend_Mvc_Views_Layouts_HappyCodingThis_cshtml_HappyCodingThis_cshtml.Execute() in c:\Windows\Microsoft.NET\Framework64\v4.0.30319\Temporary ASP.NET Files\root\66b149b6\f45af680\App_Web_happycodingthis.cshtml#happycodingthis.cshtml.39f49bee.y7naagqi.0.cs:line 0
   at System.Web.WebPages.WebPageBase.ExecutePageHierarchy()
   at System.Web.Mvc.WebViewPage.ExecutePageHierarchy()
   at System.Web.WebPages.WebPageBase.ExecutePageHierarchy(WebPageContext pageContext, TextWriter writer, WebPageRenderingBase startPage)
   at Telerik.Sitefinity.Frontend.Mvc.Infrastructure.Compilation.CompilationPerformanceRazorView.RenderWithPerformanceMeasurement(ViewContext viewContext, TextWriter writer)
   at Telerik.Sitefinity.Frontend.Mvc.Infrastructure.Compilation.CompilationPerformanceRazorView.Render(ViewContext viewContext, TextWriter writer)
   at Telerik.Sitefinity.Frontend.Mvc.Infrastructure.Layouts.LayoutRenderer.RenderViewToString(ControllerContext context, String viewPath, Boolean placeholdersOnly)
   at Telerik.Sitefinity.Frontend.Mvc.Infrastructure.Layouts.LayoutRenderer.GetLayoutTemplate(String templateName, Boolean placeholdersOnly)
   at Telerik.Sitefinity.Frontend.Mvc.Infrastructure.Layouts.LayoutVirtualFileResolver.Open(PathDefinition definition, String virtualPath)
   at Telerik.Sitefinity.Frontend.Mvc.Infrastructure.Layouts.MvcMasterPage.LayoutOutput(String path)
   at Telerik.Sitefinity.Frontend.Mvc.Infrastructure.Layouts.MvcMasterPage.ApplyToPage(Page page)
   at Telerik.Sitefinity.Frontend.Mvc.Infrastructure.PageInitializer.PreInitHandler(Object sender, EventArgs e)
   at System.Web.UI.Page.OnPreInit(EventArgs e)
   at System.Web.UI.Page.PerformPreInit()
   at System.Web.UI.Page.ProcessRequestMain(Boolean includeStagesBeforeAsyncPoint, Boolean includeStagesAfterAsyncPoint)

Additional Info:

MachineName : NBWFHJREAD
TimeStamp : 10/2/2017 9:25:39 PM
FullName : Telerik.Sitefinity.Utilities, Version=10.1.6524.0, Culture=neutral, PublicKeyToken=b28c218413bdf563
AppDomainName : /LM/W3SVC/2/ROOT-4-131514497864188811
ThreadIdentity : jread@progress.com
WindowsIdentity : IIS APPPOOL\HappyCodingThis
Requested URL : http://hct.local/


Category: ErrorLog

Priority: 0

EventId: 90000

Severity: Error

Title:Enterprise Library Exception Handling

Machine: NBWFHJREAD

App Domain: /LM/W3SVC/2/ROOT-4-131514497864188811

ProcessId: 20028

Process Name: c:\windows\system32\inetsrv\w3wp.exe

Thread Name: 

Win32 ThreadId:3756

Extended Properties: 
----------------------------------------
