----------------------------------------
Timestamp: 9/12/2017 5:49:20 PM

Message: HandlingInstanceID: f2e5863b-4ce7-4832-8883-d68cb3bad13e
An exception of type 'Telerik.Sitefinity.Data.Decorators.ConnectionNotFoundException' occurred and was caught.
--------------------------------------------------------------------------------------------------------------
09/12/2017 13:49:20
Type : Telerik.Sitefinity.Data.Decorators.ConnectionNotFoundException, Telerik.Sitefinity, Version=10.1.6502.0, Culture=neutral, PublicKeyToken=b28c218413bdf563
Message : Connection string "Sitefinity" could not be found in config files.
Source : Unity_ILEmit_DynamicClasses
Help link : 
BareMessage : Connection string "Sitefinity" could not be found in config files.
Filename : 
Line : 0
Errors : System.Configuration.ConfigurationException[]
Data : System.Collections.ListDictionaryInternal
TargetSite : Void Initialize(System.String, System.Collections.Specialized.NameValueCollection, System.Type)
HResult : -2146232062
Stack Trace :    at DynamicModule.ns.Wrapped_OpenAccessMembershipProvider_97c28fd33a23420baa4da7e1e922e38a.Initialize(String providerName, NameValueCollection config, Type managerType)
   at Telerik.Sitefinity.Data.ManagerBase`1.InstantiateProvider(IDataProviderSettings providerSettings, Type providerType, ExceptionPolicyName policy, Type managerType)

Additional Info:

MachineName : NBWFHJREAD
TimeStamp : 9/12/2017 5:49:20 PM
FullName : Telerik.Sitefinity.Utilities, Version=10.1.6502.0, Culture=neutral, PublicKeyToken=b28c218413bdf563
AppDomainName : /LM/W3SVC/2/ROOT-1-131497121521104818
ThreadIdentity : Anonymous
WindowsIdentity : IIS APPPOOL\HappyCodingThis
Requested URL : http://127.0.0.1/


Category: ErrorLog

Priority: 0

EventId: 9010

Severity: Warning

Title:Enterprise Library Exception Handling

Machine: NBWFHJREAD

App Domain: /LM/W3SVC/2/ROOT-1-131497121521104818

ProcessId: 1416

Process Name: c:\windows\system32\inetsrv\w3wp.exe

Thread Name: 

Win32 ThreadId:12616

Extended Properties: 
----------------------------------------
----------------------------------------
Timestamp: 9/12/2017 5:49:20 PM

Message: HandlingInstanceID: bef9b1af-2172-4551-9a1f-0623ceec8e1f
An exception of type 'Telerik.Sitefinity.Data.Decorators.ConnectionNotFoundException' occurred and was caught.
--------------------------------------------------------------------------------------------------------------
09/12/2017 13:49:20
Type : Telerik.Sitefinity.Data.Decorators.ConnectionNotFoundException, Telerik.Sitefinity, Version=10.1.6502.0, Culture=neutral, PublicKeyToken=b28c218413bdf563
Message : Connection string "Sitefinity" could not be found in config files.
Source : Unity_ILEmit_DynamicClasses
Help link : 
BareMessage : Connection string "Sitefinity" could not be found in config files.
Filename : 
Line : 0
Errors : System.Configuration.ConfigurationException[]
Data : System.Collections.ListDictionaryInternal
TargetSite : Void Initialize(System.String, System.Collections.Specialized.NameValueCollection, System.Type)
HResult : -2146232062
Stack Trace :    at DynamicModule.ns.Wrapped_OpenAccessMembershipProvider_97c28fd33a23420baa4da7e1e922e38a.Initialize(String providerName, NameValueCollection config, Type managerType)
   at Telerik.Sitefinity.Data.ManagerBase`1.InstantiateProvider(IDataProviderSettings providerSettings, Type providerType, ExceptionPolicyName policy, Type managerType)

Additional Info:

MachineName : NBWFHJREAD
TimeStamp : 9/12/2017 5:49:20 PM
FullName : Telerik.Sitefinity.Utilities, Version=10.1.6502.0, Culture=neutral, PublicKeyToken=b28c218413bdf563
AppDomainName : /LM/W3SVC/2/ROOT-1-131497121521104818
ThreadIdentity : Anonymous
WindowsIdentity : IIS APPPOOL\HappyCodingThis
Requested URL : http://127.0.0.1/


Category: ErrorLog

Priority: 0

EventId: 90030

Severity: Error

Title:Enterprise Library Exception Handling

Machine: NBWFHJREAD

App Domain: /LM/W3SVC/2/ROOT-1-131497121521104818

ProcessId: 1416

Process Name: c:\windows\system32\inetsrv\w3wp.exe

Thread Name: 

Win32 ThreadId:12616

Extended Properties: 
----------------------------------------
