----------------------------------------
Timestamp: 10/3/2017 12:41:37 PM

Message: Warmup 'Startup - 1 URLs' started at 2017-10-03 12:41:37


----------------------------------------
----------------------------------------
Timestamp: 10/3/2017 12:41:46 PM

Message: The page 'http://hct.local/' has been warmed up in 9.6940006 seconds with User-Agent ''. Requested URL: http://hct.local/


----------------------------------------
----------------------------------------
Timestamp: 10/3/2017 12:41:46 PM

Message: Warmup 'Startup - 1 URLs' finished in 10 seconds


----------------------------------------
----------------------------------------
Timestamp: 10/3/2017 12:42:53 PM

Message: Warmup 'Startup - 1 URLs' started at 2017-10-03 12:42:53


----------------------------------------
----------------------------------------
Timestamp: 10/3/2017 12:43:01 PM

Message: The page 'http://hct.local/' has been warmed up in 7.8393282 seconds with User-Agent ''. Requested URL: http://hct.local/


----------------------------------------
----------------------------------------
Timestamp: 10/3/2017 12:43:01 PM

Message: Warmup 'Startup - 1 URLs' finished in 8 seconds


----------------------------------------
----------------------------------------
Timestamp: 10/3/2017 12:44:57 PM

Message: Warmup 'Startup - 1 URLs' started at 2017-10-03 12:44:57


----------------------------------------
----------------------------------------
Timestamp: 10/3/2017 12:45:03 PM

Message: The page 'http://hct.local/' has been warmed up in 6.2659459 seconds with User-Agent ''. Requested URL: http://hct.local/


----------------------------------------
----------------------------------------
Timestamp: 10/3/2017 12:45:03 PM

Message: Warmup 'Startup - 1 URLs' finished in 6 seconds


----------------------------------------
----------------------------------------
Timestamp: 10/3/2017 5:33:38 PM

Message: Warmup 'Startup - 1 URLs' started at 2017-10-03 05:33:37


----------------------------------------
----------------------------------------
Timestamp: 10/3/2017 5:33:39 PM

Message: The page 'http://hct.local/' has been warmed up in 1.319251 seconds with User-Agent ''. Requested URL: http://hct.local/


----------------------------------------
----------------------------------------
Timestamp: 10/3/2017 5:33:39 PM

Message: Warmup 'Startup - 1 URLs' finished in 1 seconds


----------------------------------------
----------------------------------------
Timestamp: 10/4/2017 11:51:50 AM

Message: Warmup 'Startup - 1 URLs' started at 2017-10-04 11:51:50


----------------------------------------
----------------------------------------
Timestamp: 10/4/2017 11:51:51 AM

Message: The page 'http://hct.local/' has been warmed up in 1.22895 seconds with User-Agent ''. Requested URL: http://hct.local/


----------------------------------------
----------------------------------------
Timestamp: 10/4/2017 11:51:51 AM

Message: Warmup 'Startup - 1 URLs' finished in 1 seconds


----------------------------------------
