----------------------------------------
Timestamp: 10/2/2017 2:27:16 PM

Message: Warmup 'Startup - 1 URLs' started at 2017-10-02 02:27:16


----------------------------------------
----------------------------------------
Timestamp: 10/2/2017 2:27:18 PM

Message: The page 'http://hct.local/' has been warmed up in 1.4187892 seconds with User-Agent ''. Requested URL: http://hct.local/


----------------------------------------
----------------------------------------
Timestamp: 10/2/2017 2:27:18 PM

Message: Warmup 'Startup - 1 URLs' finished in 1 seconds


----------------------------------------
----------------------------------------
Timestamp: 10/2/2017 2:51:15 PM

Message: Warmup 'Startup - 1 URLs' started at 2017-10-02 02:51:15


----------------------------------------
----------------------------------------
Timestamp: 10/2/2017 2:51:21 PM

Message: The page 'http://hct.local/' has been warmed up in 5.8369836 seconds with User-Agent ''. Requested URL: http://hct.local/


----------------------------------------
----------------------------------------
Timestamp: 10/2/2017 2:51:21 PM

Message: Warmup 'Startup - 1 URLs' finished in 6 seconds


----------------------------------------
----------------------------------------
Timestamp: 10/2/2017 2:53:56 PM

Message: Warmup 'Startup - 1 URLs' started at 2017-10-02 02:53:56


----------------------------------------
----------------------------------------
Timestamp: 10/2/2017 2:53:59 PM

Message: The page 'http://hct.local/' has been warmed up in 2.7355921 seconds with User-Agent ''. Requested URL: http://hct.local/


----------------------------------------
----------------------------------------
Timestamp: 10/2/2017 2:53:59 PM

Message: Warmup 'Startup - 1 URLs' finished in 3 seconds


----------------------------------------
----------------------------------------
Timestamp: 10/2/2017 3:03:56 PM

Message: Warmup 'Startup - 1 URLs' started at 2017-10-02 03:03:56


----------------------------------------
----------------------------------------
Timestamp: 10/2/2017 3:04:03 PM

Message: The page 'http://hct.local/' has been warmed up in 6.6709426 seconds with User-Agent ''. Requested URL: http://hct.local/


----------------------------------------
----------------------------------------
Timestamp: 10/2/2017 3:04:03 PM

Message: Warmup 'Startup - 1 URLs' finished in 7 seconds


----------------------------------------
----------------------------------------
Timestamp: 10/2/2017 3:10:34 PM

Message: Warmup 'Startup - 1 URLs' started at 2017-10-02 03:10:34


----------------------------------------
----------------------------------------
Timestamp: 10/2/2017 3:10:36 PM

Message: The page 'http://hct.local/' has been warmed up in 1.8670495 seconds with User-Agent ''. Requested URL: http://hct.local/


----------------------------------------
----------------------------------------
Timestamp: 10/2/2017 3:10:36 PM

Message: Warmup 'Startup - 1 URLs' finished in 2 seconds


----------------------------------------
----------------------------------------
Timestamp: 10/2/2017 3:35:46 PM

Message: Warmup 'Startup - 1 URLs' started at 2017-10-02 03:35:46


----------------------------------------
----------------------------------------
Timestamp: 10/2/2017 3:35:47 PM

Message: The page 'http://hct.local/' has been warmed up in 1.1675633 seconds with User-Agent ''. Requested URL: http://hct.local/


----------------------------------------
----------------------------------------
Timestamp: 10/2/2017 3:35:47 PM

Message: Warmup 'Startup - 1 URLs' finished in 1 seconds


----------------------------------------
----------------------------------------
Timestamp: 10/2/2017 4:29:48 PM

Message: Warmup 'Startup - 1 URLs' started at 2017-10-02 04:29:48


----------------------------------------
----------------------------------------
Timestamp: 10/2/2017 4:29:56 PM

Message: The page 'http://hct.local/' has been warmed up in 7.9671674 seconds with User-Agent ''. Requested URL: http://hct.local/


----------------------------------------
----------------------------------------
Timestamp: 10/2/2017 4:29:56 PM

Message: Warmup 'Startup - 1 URLs' finished in 8 seconds


----------------------------------------
----------------------------------------
Timestamp: 10/2/2017 7:17:49 PM

Message: Warmup 'Startup - 1 URLs' started at 2017-10-02 07:17:49


----------------------------------------
----------------------------------------
Timestamp: 10/2/2017 7:17:50 PM

Message: The page 'http://hct.local/' has been warmed up in 1.0392519 seconds with User-Agent ''. Requested URL: http://hct.local/


----------------------------------------
----------------------------------------
Timestamp: 10/2/2017 7:17:50 PM

Message: Warmup 'Startup - 1 URLs' finished in 1 seconds


----------------------------------------
----------------------------------------
Timestamp: 10/2/2017 7:29:24 PM

Message: Operation: 'ApplicationRestart'. Parameters: 'flags:Default;sendRestartApplicationSystemMessage:True'. Reason: 'StaticModulesUpdate|Libraries|Operation:Install'. User: 'jread@progress.com'. StackTrace: '
Telerik.Sitefinity.Services.SystemManager: Boolean RestartApplication(Telerik.Sitefinity.Services.OperationReason, Telerik.Sitefinity.Services.SystemRestartFlags, Boolean)
Telerik.Sitefinity.Services.Web.Services.ModulesService: Telerik.Sitefinity.Services.Web.Services.ViewModel.ModuleViewModel ExecuteStaticModuleOperation(Telerik.Sitefinity.Services.Web.Services.ViewModel.ModuleViewModel, Telerik.Sitefinity.Services.Web.Services.ModuleOperation)
Telerik.Sitefinity.Services.Web.Services.ModulesService: Telerik.Sitefinity.Services.Web.Services.ViewModel.ModuleViewModel Execute(Telerik.Sitefinity.Services.Web.Services.ViewModel.ModuleViewModel, Telerik.Sitefinity.Services.Web.Services.ModuleOperation)
unknown: System.Object SyncInvokeExecute(System.Object, System.Object[], System.Object[])
System.ServiceModel.Dispatcher.SyncMethodInvoker: System.Object Invoke(System.Object, System.Object[], System.Object[] ByRef)
System.ServiceModel.Dispatcher.DispatchOperationRuntime: Void InvokeBegin(System.ServiceModel.Dispatcher.MessageRpc ByRef)
System.ServiceModel.Dispatcher.ImmutableDispatchRuntime: Void ProcessMessage5(System.ServiceModel.Dispatcher.MessageRpc ByRef)
System.ServiceModel.Dispatcher.ImmutableDispatchRuntime: Void ProcessMessage11(System.ServiceModel.Dispatcher.MessageRpc ByRef)
System.ServiceModel.Dispatcher.MessageRpc: Boolean Process(Boolean)
System.ServiceModel.Dispatcher.ChannelHandler: Boolean DispatchAndReleasePump(System.ServiceModel.Channels.RequestContext, Boolean, System.ServiceModel.OperationContext)
System.ServiceModel.Dispatcher.ChannelHandler: Boolean HandleRequest(System.ServiceModel.Channels.RequestContext, System.ServiceModel.OperationContext)
System.ServiceModel.Dispatcher.ChannelHandler: Void AsyncMessagePump(System.IAsyncResult)
System.ServiceModel.Dispatcher.ChannelHandler: Void OnAsyncReceiveComplete(System.IAsyncResult)
System.Runtime.Fx+AsyncThunk: Void UnhandledExceptionFrame(System.IAsyncResult)
Telerik.Sitefinity.Utilities.MS.ServiceModel.Web.AsyncResult: Void Complete(Boolean)
Telerik.Sitefinity.Utilities.MS.ServiceModel.Web.RequestInterceptorReplyChannelBase`1+TryReceiveRequestAsyncResult: Void InnerTryReceiveCallback(System.IAsyncResult)
System.Runtime.AsyncResult: Void Complete(Boolean)
System.Runtime.InputQueue`1+AsyncQueueReader: Void Set(Item)
System.Runtime.InputQueue`1: Void EnqueueAndDispatch(Item, Boolean)
System.Runtime.InputQueue`1: Void EnqueueAndDispatch(T, System.Action, Boolean)
System.ServiceModel.Channels.SingletonChannelAcceptor`3: Void Enqueue(QueueItemType, System.Action, Boolean)
System.ServiceModel.Channels.HttpPipeline+EnqueueMessageAsyncResult: Void CompleteParseAndEnqueue(System.IAsyncResult)
System.ServiceModel.Channels.HttpPipeline+EnqueueMessageAsyncResult: Boolean HandleParseIncomingMessage(System.IAsyncResult)
System.Runtime.AsyncResult: Boolean SyncContinue(System.IAsyncResult)
System.ServiceModel.Channels.HttpPipeline+EmptyHttpPipeline: System.IAsyncResult BeginProcessInboundRequest(System.ServiceModel.Channels.ReplyChannelAcceptor, System.Action, System.AsyncCallback, System.Object)
System.ServiceModel.Channels.HttpChannelListener`1+HttpContextReceivedAsyncResult`1: System.Runtime.AsyncCompletionResult ProcessHttpContextAsync()
System.ServiceModel.Channels.HttpChannelListener`1: System.IAsyncResult BeginHttpContextReceived(System.ServiceModel.Channels.HttpRequestContext, System.Action, System.AsyncCallback, System.Object)
System.ServiceModel.Activation.HostedHttpTransportManager: Void HttpContextReceived(System.ServiceModel.Activation.HostedHttpRequestAsyncResult)
System.ServiceModel.Activation.HostedHttpRequestAsyncResult: Void HandleRequest()
System.ServiceModel.Activation.HostedHttpRequestAsyncResult: Void BeginRequest()
System.ServiceModel.Activation.HostedHttpRequestAsyncResult: Void OnBeginRequest(System.Object)
System.ServiceModel.AspNetPartialTrustHelpers: Void PartialTrustInvoke(System.Threading.ContextCallback, System.Object)
System.ServiceModel.Activation.HostedHttpRequestAsyncResult: Void OnBeginRequestWithFlow(System.Object)
System.Runtime.IOThreadScheduler+ScheduledOverlapped: Void IOCallback(UInt32, UInt32, System.Threading.NativeOverlapped*)
System.Runtime.Fx+IOCompletionThunk: Void UnhandledExceptionFrame(UInt32, UInt32, System.Threading.NativeOverlapped*)
System.Threading._IOCompletionCallback: Void PerformIOCompletionCallback(UInt32, UInt32, System.Threading.NativeOverlapped*)'.


----------------------------------------
----------------------------------------
Timestamp: 10/2/2017 7:29:44 PM

Message: Operation: 'ApplicationRestart'. Parameters: 'flags:Default;sendRestartApplicationSystemMessage:True'. Reason: 'StaticModulesUpdate|Search|Operation:Install'. User: 'jread@progress.com'. StackTrace: '
Telerik.Sitefinity.Services.SystemManager: Boolean RestartApplication(Telerik.Sitefinity.Services.OperationReason, Telerik.Sitefinity.Services.SystemRestartFlags, Boolean)
Telerik.Sitefinity.Services.Web.Services.ModulesService: Telerik.Sitefinity.Services.Web.Services.ViewModel.ModuleViewModel ExecuteStaticModuleOperation(Telerik.Sitefinity.Services.Web.Services.ViewModel.ModuleViewModel, Telerik.Sitefinity.Services.Web.Services.ModuleOperation)
Telerik.Sitefinity.Services.Web.Services.ModulesService: Telerik.Sitefinity.Services.Web.Services.ViewModel.ModuleViewModel Execute(Telerik.Sitefinity.Services.Web.Services.ViewModel.ModuleViewModel, Telerik.Sitefinity.Services.Web.Services.ModuleOperation)
unknown: System.Object SyncInvokeExecute(System.Object, System.Object[], System.Object[])
System.ServiceModel.Dispatcher.SyncMethodInvoker: System.Object Invoke(System.Object, System.Object[], System.Object[] ByRef)
System.ServiceModel.Dispatcher.DispatchOperationRuntime: Void InvokeBegin(System.ServiceModel.Dispatcher.MessageRpc ByRef)
System.ServiceModel.Dispatcher.ImmutableDispatchRuntime: Void ProcessMessage5(System.ServiceModel.Dispatcher.MessageRpc ByRef)
System.ServiceModel.Dispatcher.ImmutableDispatchRuntime: Void ProcessMessage11(System.ServiceModel.Dispatcher.MessageRpc ByRef)
System.ServiceModel.Dispatcher.MessageRpc: Boolean Process(Boolean)
System.ServiceModel.Dispatcher.ChannelHandler: Boolean DispatchAndReleasePump(System.ServiceModel.Channels.RequestContext, Boolean, System.ServiceModel.OperationContext)
System.ServiceModel.Dispatcher.ChannelHandler: Boolean HandleRequest(System.ServiceModel.Channels.RequestContext, System.ServiceModel.OperationContext)
System.ServiceModel.Dispatcher.ChannelHandler: Void AsyncMessagePump(System.IAsyncResult)
System.ServiceModel.Dispatcher.ChannelHandler: Void OnAsyncReceiveComplete(System.IAsyncResult)
System.Runtime.Fx+AsyncThunk: Void UnhandledExceptionFrame(System.IAsyncResult)
Telerik.Sitefinity.Utilities.MS.ServiceModel.Web.AsyncResult: Void Complete(Boolean)
Telerik.Sitefinity.Utilities.MS.ServiceModel.Web.RequestInterceptorReplyChannelBase`1+TryReceiveRequestAsyncResult: Void InnerTryReceiveCallback(System.IAsyncResult)
System.Runtime.AsyncResult: Void Complete(Boolean)
System.Runtime.InputQueue`1+AsyncQueueReader: Void Set(Item)
System.Runtime.InputQueue`1: Void EnqueueAndDispatch(Item, Boolean)
System.Runtime.InputQueue`1: Void EnqueueAndDispatch(T, System.Action, Boolean)
System.ServiceModel.Channels.SingletonChannelAcceptor`3: Void Enqueue(QueueItemType, System.Action, Boolean)
System.ServiceModel.Channels.HttpPipeline+EnqueueMessageAsyncResult: Void CompleteParseAndEnqueue(System.IAsyncResult)
System.ServiceModel.Channels.HttpPipeline+EnqueueMessageAsyncResult: Boolean HandleParseIncomingMessage(System.IAsyncResult)
System.Runtime.AsyncResult: Boolean SyncContinue(System.IAsyncResult)
System.ServiceModel.Channels.HttpPipeline+EmptyHttpPipeline: System.IAsyncResult BeginProcessInboundRequest(System.ServiceModel.Channels.ReplyChannelAcceptor, System.Action, System.AsyncCallback, System.Object)
System.ServiceModel.Channels.HttpChannelListener`1+HttpContextReceivedAsyncResult`1: System.Runtime.AsyncCompletionResult ProcessHttpContextAsync()
System.ServiceModel.Channels.HttpChannelListener`1: System.IAsyncResult BeginHttpContextReceived(System.ServiceModel.Channels.HttpRequestContext, System.Action, System.AsyncCallback, System.Object)
System.ServiceModel.Activation.HostedHttpTransportManager: Void HttpContextReceived(System.ServiceModel.Activation.HostedHttpRequestAsyncResult)
System.ServiceModel.Activation.HostedHttpRequestAsyncResult: Void HandleRequest()
System.ServiceModel.Activation.HostedHttpRequestAsyncResult: Void BeginRequest()
System.ServiceModel.Activation.HostedHttpRequestAsyncResult: Void OnBeginRequest(System.Object)
System.ServiceModel.AspNetPartialTrustHelpers: Void PartialTrustInvoke(System.Threading.ContextCallback, System.Object)
System.ServiceModel.Activation.HostedHttpRequestAsyncResult: Void OnBeginRequestWithFlow(System.Object)
System.Runtime.IOThreadScheduler+ScheduledOverlapped: Void IOCallback(UInt32, UInt32, System.Threading.NativeOverlapped*)
System.Runtime.Fx+IOCompletionThunk: Void UnhandledExceptionFrame(UInt32, UInt32, System.Threading.NativeOverlapped*)
System.Threading._IOCompletionCallback: Void PerformIOCompletionCallback(UInt32, UInt32, System.Threading.NativeOverlapped*)'.


----------------------------------------
----------------------------------------
Timestamp: 10/2/2017 8:02:25 PM

Message: Warmup 'Startup - 1 URLs' started at 2017-10-02 08:02:25


----------------------------------------
----------------------------------------
Timestamp: 10/2/2017 8:02:36 PM

Message: The page 'http://hct.local/' has been warmed up in 10.6796681 seconds with User-Agent ''. Requested URL: http://hct.local/


----------------------------------------
----------------------------------------
Timestamp: 10/2/2017 8:02:36 PM

Message: Warmup 'Startup - 1 URLs' finished in 11 seconds


----------------------------------------
----------------------------------------
Timestamp: 10/2/2017 8:21:06 PM

Message: Warmup 'Startup - 1 URLs' started at 2017-10-02 08:21:06


----------------------------------------
----------------------------------------
Timestamp: 10/2/2017 8:21:18 PM

Message: The page 'http://hct.local/' has been warmed up in 12.2084002 seconds with User-Agent ''. Requested URL: http://hct.local/


----------------------------------------
----------------------------------------
Timestamp: 10/2/2017 8:21:18 PM

Message: Warmup 'Startup - 1 URLs' finished in 12 seconds


----------------------------------------
----------------------------------------
Timestamp: 10/2/2017 8:30:05 PM

Message: Warmup 'Startup - 1 URLs' started at 2017-10-02 08:30:05


----------------------------------------
----------------------------------------
Timestamp: 10/2/2017 8:30:11 PM

Message: The page 'http://hct.local/' has been warmed up in 6.2229989 seconds with User-Agent ''. Requested URL: http://hct.local/


----------------------------------------
----------------------------------------
Timestamp: 10/2/2017 8:30:11 PM

Message: Warmup 'Startup - 1 URLs' finished in 6 seconds


----------------------------------------
