----------------------------------------
Timestamp: 10/4/2017 12:46:07 PM

Message: Db Migration Complexity: Trivial


----------------------------------------
----------------------------------------
Timestamp: 10/4/2017 12:46:07 PM

Message: Adding a foreign key constraint(s) to a new table(s), the create table statement(s) is included as well.


----------------------------------------
----------------------------------------
Timestamp: 10/4/2017 12:46:07 PM

Message: Adding a new table(s).


----------------------------------------
----------------------------------------
Timestamp: 10/4/2017 12:46:07 PM

Message: -- Telerik.Sitefinity.Publishing.Model.Dynamic_32529f08ee82434e9138f22b613d7c27
CREATE TABLE [dynmc_32529f08824349138f22b613] (
    [id] uniqueidentifier NOT NULL,
    [username] NVARCHAR(255) NULL,          -- Dynamic_32529f08ee82434e9138f22b613d7c27.Username
    [title] NVARCHAR(255) NULL,             -- Dynamic_32529f08ee82434e9138f22b613d7c27.Title
    [summary] NVARCHAR(255) NULL,           -- Dynamic_32529f08ee82434e9138f22b613d7c27.Summary
    [publication_date] DATETIME NULL,       -- Dynamic_32529f08ee82434e9138f22b613d7c27.PublicationDate
    [owner_last_name] NVARCHAR(255) NULL,   -- Dynamic_32529f08ee82434e9138f22b613d7c27.OwnerLastName
    [owner_first_name] NVARCHAR(255) NULL,  -- Dynamic_32529f08ee82434e9138f22b613d7c27.OwnerFirstName
    [owner_email] NVARCHAR(255) NULL,       -- Dynamic_32529f08ee82434e9138f22b613d7c27.OwnerEmail
    [lnk] NVARCHAR(255) NULL,               -- Dynamic_32529f08ee82434e9138f22b613d7c27.Link
    [item_hash] NVARCHAR(255) NULL,         -- Dynamic_32529f08ee82434e9138f22b613d7c27.ItemHash
    [expiration_date] DATETIME NULL,        -- Dynamic_32529f08ee82434e9138f22b613d7c27.ExpirationDate
    [content] NVARCHAR(MAX) NULL,           -- Dynamic_32529f08ee82434e9138f22b613d7c27.Content
    [categories] NVARCHAR(255) NULL,        -- Dynamic_32529f08ee82434e9138f22b613d7c27.Categories
    CONSTRAINT [pk_dynmc_32529f088243_387681C7] PRIMARY KEY ([id])
)


----------------------------------------
----------------------------------------
Timestamp: 10/4/2017 12:46:07 PM

Message: ALTER TABLE [dynmc_32529f08824349138f22b613] ADD CONSTRAINT [ref_dynmc_32529f08824_562BC759] FOREIGN KEY ([id]) REFERENCES [sf_dynamic_type_base]([id]) ON DELETE CASCADE


----------------------------------------
